C:\PSSSE3\X64\RELEASE\AREANORM.OBJ
C:\PSSSE3\X64\RELEASE\BLMATRIX.OBJ
C:\PSSSE3\X64\RELEASE\BRIGHT.OBJ
C:\pssse3\x64\Release\cl.command.1.tlog
C:\pssse3\x64\Release\CL.read.1.tlog
C:\pssse3\x64\Release\CL.write.1.tlog
C:\PSSSE3\X64\RELEASE\CONV.OBJ
C:\PSSSE3\X64\RELEASE\COVSRT.OBJ
C:\PSSSE3\X64\RELEASE\CURV.OBJ
C:\PSSSE3\X64\RELEASE\DOT_PRODUCT.OBJ
C:\PSSSE3\X64\RELEASE\ELLFIT.OBJ
C:\PSSSE3\X64\RELEASE\GAUSS_ERRC.OBJ
C:\pssse3\x64\Release\link.command.1.tlog
C:\pssse3\x64\Release\link.read.1.tlog
C:\pssse3\x64\Release\link.write.1.tlog
C:\PSSSE3\X64\RELEASE\LUBKSB.OBJ
C:\PSSSE3\X64\RELEASE\LUDCMP.OBJ
C:\PSSSE3\X64\RELEASE\MATRIX.OBJ
C:\PSSSE3\X64\RELEASE\MEMORY.OBJ
C:\PSSSE3\X64\RELEASE\MRQCOF.OBJ
C:\PSSSE3\X64\RELEASE\MRQMIN.OBJ
C:\pssse3\x64\Release\mt.command.1.tlog
C:\pssse3\x64\Release\mt.read.1.tlog
C:\pssse3\x64\Release\mt.write.1.tlog
C:\PSSSE3\X64\RELEASE\PERIOD_SEARCH_BOINC.OBJ
C:\PSSSE3\X64\RELEASE\PHASEC.OBJ
C:\PSSSE3\X64\RELEASE\PSSSE.EXE
C:\PSSSE3\X64\RELEASE\PSSSE.EXE.INTERMEDIATE.MANIFEST
C:\PSSSE3\X64\RELEASE\SPHFUNC.OBJ
C:\PSSSE3\X64\RELEASE\TRIFAC.OBJ
C:\PSSSE3\X64\RELEASE\VC100.PDB
