C:\PSSSE2\X64\RELEASESSE2\AREANORM.OBJ
C:\PSSSE2\X64\RELEASESSE2\BLMATRIX.OBJ
C:\PSSSE2\X64\RELEASESSE2\BRIGHT.OBJ
C:\pssse2\x64\ReleaseSSE2\cl.command.1.tlog
C:\pssse2\x64\ReleaseSSE2\CL.read.1.tlog
C:\pssse2\x64\ReleaseSSE2\CL.write.1.tlog
C:\PSSSE2\X64\RELEASESSE2\CONV.OBJ
C:\PSSSE2\X64\RELEASESSE2\CURV.OBJ
C:\PSSSE2\X64\RELEASESSE2\DOT_PRODUCT.OBJ
C:\PSSSE2\X64\RELEASESSE2\ELLFIT.OBJ
C:\PSSSE2\X64\RELEASESSE2\GAUSS_ERRC.OBJ
C:\pssse2\x64\ReleaseSSE2\link.command.1.tlog
C:\pssse2\x64\ReleaseSSE2\link.read.1.tlog
C:\pssse2\x64\ReleaseSSE2\link.write.1.tlog
C:\PSSSE2\X64\RELEASESSE2\LUBKSB.OBJ
C:\PSSSE2\X64\RELEASESSE2\LUDCMP.OBJ
C:\PSSSE2\X64\RELEASESSE2\MATRIX.OBJ
C:\PSSSE2\X64\RELEASESSE2\MEMORY.OBJ
C:\PSSSE2\X64\RELEASESSE2\MRQCOF.OBJ
C:\PSSSE2\X64\RELEASESSE2\MRQMIN.OBJ
C:\pssse2\x64\ReleaseSSE2\mt.command.1.tlog
C:\pssse2\x64\ReleaseSSE2\mt.read.1.tlog
C:\pssse2\x64\ReleaseSSE2\mt.write.1.tlog
C:\PSSSE2\X64\RELEASESSE2\PERIOD_SEARCH_BOINC.OBJ
C:\PSSSE2\X64\RELEASESSE2\PHASEC.OBJ
C:\PSSSE2\X64\RELEASESSE2\PSSSE.EXE
C:\PSSSE2\X64\RELEASESSE2\PSSSE.EXE.INTERMEDIATE.MANIFEST
C:\PSSSE2\X64\RELEASESSE2\SPHFUNC.OBJ
C:\PSSSE2\X64\RELEASESSE2\TRIFAC.OBJ
C:\PSSSE2\X64\RELEASESSE2\VC100.PDB
