C:\PERIOD_SEARCH_CUDA_WIN\X64\RELEASE\AREANORM.OBJ
C:\period_search_cuda_win\x64\Release\blmatrix.cu.cache
C:\period_search_cuda_win\x64\Release\blmatrix.cu.obj
C:\period_search_cuda_win\x64\Release\bright.cu.cache
C:\period_search_cuda_win\x64\Release\bright.cu.obj
C:\period_search_cuda_win\x64\Release\cl.command.1.tlog
C:\period_search_cuda_win\x64\Release\CL.read.1.tlog
C:\period_search_cuda_win\x64\Release\CL.write.1.tlog
C:\period_search_cuda_win\x64\Release\conv.cu.cache
C:\period_search_cuda_win\x64\Release\conv.cu.obj
C:\period_search_cuda_win\x64\Release\curv.cu.cache
C:\period_search_cuda_win\x64\Release\curv.cu.obj
C:\period_search_cuda_win\x64\Release\curve2_CUDA.cu.cache
C:\period_search_cuda_win\x64\Release\curve2_CUDA.cu.obj
C:\PERIOD_SEARCH_CUDA_WIN\X64\RELEASE\DOT_PRODUCT.OBJ
C:\PERIOD_SEARCH_CUDA_WIN\X64\RELEASE\ELLFIT.OBJ
C:\period_search_cuda_win\x64\Release\gauss_errc.cu.cache
C:\period_search_cuda_win\x64\Release\gauss_errc.cu.obj
C:\period_search_cuda_win\x64\Release\link.command.1.tlog
C:\period_search_cuda_win\x64\Release\link.read.1.tlog
C:\period_search_cuda_win\x64\Release\link.write.1.tlog
C:\PERIOD_SEARCH_CUDA_WIN\X64\RELEASE\LUBKSB.OBJ
C:\PERIOD_SEARCH_CUDA_WIN\X64\RELEASE\LUDCMP.OBJ
C:\PERIOD_SEARCH_CUDA_WIN\X64\RELEASE\MEMORY.OBJ
C:\period_search_cuda_win\x64\Release\mrqcof.cu.cache
C:\period_search_cuda_win\x64\Release\mrqcof.cu.obj
C:\period_search_cuda_win\x64\Release\mrqmin.cu.cache
C:\period_search_cuda_win\x64\Release\mrqmin.cu.obj
C:\period_search_cuda_win\x64\Release\mt.command.1.tlog
C:\period_search_cuda_win\x64\Release\mt.read.1.tlog
C:\period_search_cuda_win\x64\Release\mt.write.1.tlog
C:\PERIOD_SEARCH_CUDA_WIN\X64\RELEASE\PERIOD_SEARCH_BOINC.OBJ
C:\period_search_cuda_win\x64\Release\pscuda.device-link.obj
C:\PERIOD_SEARCH_CUDA_WIN\X64\RELEASE\PSCUDA.EXE
C:\PERIOD_SEARCH_CUDA_WIN\X64\RELEASE\PSCUDA.EXE.INTERMEDIATE.MANIFEST
C:\period_search_cuda_win\x64\Release\pscuda.write.1.tlog
C:\PERIOD_SEARCH_CUDA_WIN\X64\RELEASE\SPHFUNC.OBJ
C:\period_search_cuda_win\x64\Release\start_CUDA.cu.cache
C:\period_search_cuda_win\x64\Release\start_CUDA.cu.obj
C:\PERIOD_SEARCH_CUDA_WIN\X64\RELEASE\TRIFAC.OBJ
C:\PERIOD_SEARCH_CUDA_WIN\X64\RELEASE\VC100.PDB
