Build started 3.3.2014 21:50:23.
     1>Project "C:\period_search_cuda_win\pscuda.vcxproj" on node 2 (clean target(s)).
     1>_PrepareForClean:
         Deleting file "x64\Release\pscuda.lastbuildstate".
       CudaClean:
         cmd.exe /C "C:\Users\Radim\AppData\Local\Temp\tmp54b2223920fb470f8b461a8229bb4f56.cmd"
         "C:\Program Files\NVIDIA GPU Computing Toolkit\CUDA\v5.5\bin\nvcc.exe" -ccbin "c:\Program Files (x86)\Microsoft Visual Studio 10.0\VC\bin\x86_amd64"  -IC:\boinc\lib -IC:\boinc\api -I"C:\Program Files\NVIDIA GPU Computing Toolkit\CUDA\v5.5\include" -I"C:\Program Files\NVIDIA GPU Computing Toolkit\CUDA\v5.5\include"     --keep-dir x64\Release -maxrregcount=80 --ptxas-options=-v --machine 64 --compile      -D_USE_MATH_DEFINES -D_CRT_SECURE_NO_WARNINGS -DWIN32 -DNDEBUG -D_WINDOWS -Xcompiler "/EHsc /W3 /nologo /O2 /Zi  /MT  " -o x64\Release\blmatrix.cu.obj "C:\period_search_cuda_win\period_search\blmatrix.cu" -clean
         
         C:\period_search_cuda_win>"C:\Program Files\NVIDIA GPU Computing Toolkit\CUDA\v5.5\bin\nvcc.exe" -ccbin "c:\Program Files (x86)\Microsoft Visual Studio 10.0\VC\bin\x86_amd64"  -IC:\boinc\lib -IC:\boinc\api -I"C:\Program Files\NVIDIA GPU Computing Toolkit\CUDA\v5.5\include" -I"C:\Program Files\NVIDIA GPU Computing Toolkit\CUDA\v5.5\include"     --keep-dir x64\Release -maxrregcount=80 --ptxas-options=-v --machine 64 --compile      -D_USE_MATH_DEFINES -D_CRT_SECURE_NO_WARNINGS -DWIN32 -DNDEBUG -D_WINDOWS -Xcompiler "/EHsc /W3 /nologo /O2 /Zi  /MT  " -o x64\Release\blmatrix.cu.obj "C:\period_search_cuda_win\period_search\blmatrix.cu" -clean 
         Deleting file "x64\Release\period_search\blmatrix.cu.deps".
       CudaClean:
         cmd.exe /C "C:\Users\Radim\AppData\Local\Temp\tmp8d459cd4b05b4ba6b95b4dd135556e73.cmd"
         "C:\Program Files\NVIDIA GPU Computing Toolkit\CUDA\v5.5\bin\nvcc.exe" -ccbin "c:\Program Files (x86)\Microsoft Visual Studio 10.0\VC\bin\x86_amd64"  -IC:\boinc\lib -IC:\boinc\api -I"C:\Program Files\NVIDIA GPU Computing Toolkit\CUDA\v5.5\include" -I"C:\Program Files\NVIDIA GPU Computing Toolkit\CUDA\v5.5\include"     --keep-dir x64\Release -maxrregcount=80 --ptxas-options=-v --machine 64 --compile      -D_USE_MATH_DEFINES -D_CRT_SECURE_NO_WARNINGS -DWIN32 -DNDEBUG -D_WINDOWS -Xcompiler "/EHsc /W3 /nologo /O2 /Zi  /MT  " -o x64\Release\bright.cu.obj "C:\period_search_cuda_win\period_search\bright.cu" -clean
         
         C:\period_search_cuda_win>"C:\Program Files\NVIDIA GPU Computing Toolkit\CUDA\v5.5\bin\nvcc.exe" -ccbin "c:\Program Files (x86)\Microsoft Visual Studio 10.0\VC\bin\x86_amd64"  -IC:\boinc\lib -IC:\boinc\api -I"C:\Program Files\NVIDIA GPU Computing Toolkit\CUDA\v5.5\include" -I"C:\Program Files\NVIDIA GPU Computing Toolkit\CUDA\v5.5\include"     --keep-dir x64\Release -maxrregcount=80 --ptxas-options=-v --machine 64 --compile      -D_USE_MATH_DEFINES -D_CRT_SECURE_NO_WARNINGS -DWIN32 -DNDEBUG -D_WINDOWS -Xcompiler "/EHsc /W3 /nologo /O2 /Zi  /MT  " -o x64\Release\bright.cu.obj "C:\period_search_cuda_win\period_search\bright.cu" -clean 
         Deleting file "x64\Release\period_search\bright.cu.deps".
       CudaClean:
         cmd.exe /C "C:\Users\Radim\AppData\Local\Temp\tmpe6ffd23399314e5db5aaeb687b485b70.cmd"
         "C:\Program Files\NVIDIA GPU Computing Toolkit\CUDA\v5.5\bin\nvcc.exe" -ccbin "c:\Program Files (x86)\Microsoft Visual Studio 10.0\VC\bin\x86_amd64"  -IC:\boinc\lib -IC:\boinc\api -I"C:\Program Files\NVIDIA GPU Computing Toolkit\CUDA\v5.5\include" -I"C:\Program Files\NVIDIA GPU Computing Toolkit\CUDA\v5.5\include"     --keep-dir x64\Release -maxrregcount=80 --ptxas-options=-v --machine 64 --compile      -D_USE_MATH_DEFINES -D_CRT_SECURE_NO_WARNINGS -DWIN32 -DNDEBUG -D_WINDOWS -Xcompiler "/EHsc /W3 /nologo /O2 /Zi  /MT  " -o x64\Release\conv.cu.obj "C:\period_search_cuda_win\period_search\conv.cu" -clean
         
         C:\period_search_cuda_win>"C:\Program Files\NVIDIA GPU Computing Toolkit\CUDA\v5.5\bin\nvcc.exe" -ccbin "c:\Program Files (x86)\Microsoft Visual Studio 10.0\VC\bin\x86_amd64"  -IC:\boinc\lib -IC:\boinc\api -I"C:\Program Files\NVIDIA GPU Computing Toolkit\CUDA\v5.5\include" -I"C:\Program Files\NVIDIA GPU Computing Toolkit\CUDA\v5.5\include"     --keep-dir x64\Release -maxrregcount=80 --ptxas-options=-v --machine 64 --compile      -D_USE_MATH_DEFINES -D_CRT_SECURE_NO_WARNINGS -DWIN32 -DNDEBUG -D_WINDOWS -Xcompiler "/EHsc /W3 /nologo /O2 /Zi  /MT  " -o x64\Release\conv.cu.obj "C:\period_search_cuda_win\period_search\conv.cu" -clean 
         Deleting file "x64\Release\period_search\conv.cu.deps".
       CudaClean:
         cmd.exe /C "C:\Users\Radim\AppData\Local\Temp\tmpc23a631ebf76479093e6080b96d453bc.cmd"
         "C:\Program Files\NVIDIA GPU Computing Toolkit\CUDA\v5.5\bin\nvcc.exe" -ccbin "c:\Program Files (x86)\Microsoft Visual Studio 10.0\VC\bin\x86_amd64"  -IC:\boinc\lib -IC:\boinc\api -I"C:\Program Files\NVIDIA GPU Computing Toolkit\CUDA\v5.5\include" -I"C:\Program Files\NVIDIA GPU Computing Toolkit\CUDA\v5.5\include"     --keep-dir x64\Release -maxrregcount=80 --ptxas-options=-v --machine 64 --compile      -D_USE_MATH_DEFINES -D_CRT_SECURE_NO_WARNINGS -DWIN32 -DNDEBUG -D_WINDOWS -Xcompiler "/EHsc /W3 /nologo /O2 /Zi  /MT  " -o x64\Release\curv.cu.obj "C:\period_search_cuda_win\period_search\curv.cu" -clean
         
         C:\period_search_cuda_win>"C:\Program Files\NVIDIA GPU Computing Toolkit\CUDA\v5.5\bin\nvcc.exe" -ccbin "c:\Program Files (x86)\Microsoft Visual Studio 10.0\VC\bin\x86_amd64"  -IC:\boinc\lib -IC:\boinc\api -I"C:\Program Files\NVIDIA GPU Computing Toolkit\CUDA\v5.5\include" -I"C:\Program Files\NVIDIA GPU Computing Toolkit\CUDA\v5.5\include"     --keep-dir x64\Release -maxrregcount=80 --ptxas-options=-v --machine 64 --compile      -D_USE_MATH_DEFINES -D_CRT_SECURE_NO_WARNINGS -DWIN32 -DNDEBUG -D_WINDOWS -Xcompiler "/EHsc /W3 /nologo /O2 /Zi  /MT  " -o x64\Release\curv.cu.obj "C:\period_search_cuda_win\period_search\curv.cu" -clean 
         Deleting file "x64\Release\period_search\curv.cu.deps".
       CudaClean:
         cmd.exe /C "C:\Users\Radim\AppData\Local\Temp\tmpf4c54cc7221a4e7e9089665a3c1e20db.cmd"
         "C:\Program Files\NVIDIA GPU Computing Toolkit\CUDA\v5.5\bin\nvcc.exe" -ccbin "c:\Program Files (x86)\Microsoft Visual Studio 10.0\VC\bin\x86_amd64"  -IC:\boinc\lib -IC:\boinc\api -I"C:\Program Files\NVIDIA GPU Computing Toolkit\CUDA\v5.5\include" -I"C:\Program Files\NVIDIA GPU Computing Toolkit\CUDA\v5.5\include"     --keep-dir x64\Release -maxrregcount=32 --ptxas-options=-v --machine 64 --compile      -D_USE_MATH_DEFINES -D_CRT_SECURE_NO_WARNINGS -DWIN32 -DNDEBUG -D_WINDOWS -Xcompiler "/EHsc /W3 /nologo /O2 /Zi  /MT  " -o x64\Release\curve2_CUDA.cu.obj "C:\period_search_cuda_win\period_search\curve2_CUDA.cu" -clean
         
         C:\period_search_cuda_win>"C:\Program Files\NVIDIA GPU Computing Toolkit\CUDA\v5.5\bin\nvcc.exe" -ccbin "c:\Program Files (x86)\Microsoft Visual Studio 10.0\VC\bin\x86_amd64"  -IC:\boinc\lib -IC:\boinc\api -I"C:\Program Files\NVIDIA GPU Computing Toolkit\CUDA\v5.5\include" -I"C:\Program Files\NVIDIA GPU Computing Toolkit\CUDA\v5.5\include"     --keep-dir x64\Release -maxrregcount=32 --ptxas-options=-v --machine 64 --compile      -D_USE_MATH_DEFINES -D_CRT_SECURE_NO_WARNINGS -DWIN32 -DNDEBUG -D_WINDOWS -Xcompiler "/EHsc /W3 /nologo /O2 /Zi  /MT  " -o x64\Release\curve2_CUDA.cu.obj "C:\period_search_cuda_win\period_search\curve2_CUDA.cu" -clean 
         Deleting file "x64\Release\period_search\curve2_CUDA.cu.deps".
       CudaClean:
         cmd.exe /C "C:\Users\Radim\AppData\Local\Temp\tmp308d8222ff394ce6930450647f10cbb2.cmd"
         "C:\Program Files\NVIDIA GPU Computing Toolkit\CUDA\v5.5\bin\nvcc.exe" -ccbin "c:\Program Files (x86)\Microsoft Visual Studio 10.0\VC\bin\x86_amd64"  -IC:\boinc\lib -IC:\boinc\api -I"C:\Program Files\NVIDIA GPU Computing Toolkit\CUDA\v5.5\include" -I"C:\Program Files\NVIDIA GPU Computing Toolkit\CUDA\v5.5\include"     --keep-dir x64\Release -maxrregcount=80 --ptxas-options=-v --machine 64 --compile      -D_USE_MATH_DEFINES -D_CRT_SECURE_NO_WARNINGS -DWIN32 -DNDEBUG -D_WINDOWS -Xcompiler "/EHsc /W3 /nologo /O2 /Zi  /MT  " -o x64\Release\gauss_errc.cu.obj "C:\period_search_cuda_win\period_search\gauss_errc.cu" -clean
         
         C:\period_search_cuda_win>"C:\Program Files\NVIDIA GPU Computing Toolkit\CUDA\v5.5\bin\nvcc.exe" -ccbin "c:\Program Files (x86)\Microsoft Visual Studio 10.0\VC\bin\x86_amd64"  -IC:\boinc\lib -IC:\boinc\api -I"C:\Program Files\NVIDIA GPU Computing Toolkit\CUDA\v5.5\include" -I"C:\Program Files\NVIDIA GPU Computing Toolkit\CUDA\v5.5\include"     --keep-dir x64\Release -maxrregcount=80 --ptxas-options=-v --machine 64 --compile      -D_USE_MATH_DEFINES -D_CRT_SECURE_NO_WARNINGS -DWIN32 -DNDEBUG -D_WINDOWS -Xcompiler "/EHsc /W3 /nologo /O2 /Zi  /MT  " -o x64\Release\gauss_errc.cu.obj "C:\period_search_cuda_win\period_search\gauss_errc.cu" -clean 
         Deleting file "x64\Release\period_search\gauss_errc.cu.deps".
       CudaClean:
         cmd.exe /C "C:\Users\Radim\AppData\Local\Temp\tmp94bcff2aa0624f6396813083d8f77346.cmd"
         "C:\Program Files\NVIDIA GPU Computing Toolkit\CUDA\v5.5\bin\nvcc.exe" -ccbin "c:\Program Files (x86)\Microsoft Visual Studio 10.0\VC\bin\x86_amd64"  -IC:\boinc\lib -IC:\boinc\api -I"C:\Program Files\NVIDIA GPU Computing Toolkit\CUDA\v5.5\include" -I"C:\Program Files\NVIDIA GPU Computing Toolkit\CUDA\v5.5\include"     --keep-dir x64\Release -maxrregcount=80 --ptxas-options=-v --machine 64 --compile      -D_USE_MATH_DEFINES -D_CRT_SECURE_NO_WARNINGS -DWIN32 -DNDEBUG -D_WINDOWS -Xcompiler "/EHsc /W3 /nologo /O2 /Zi  /MT  " -o x64\Release\mrqcof.cu.obj "C:\period_search_cuda_win\period_search\mrqcof.cu" -clean
         
         C:\period_search_cuda_win>"C:\Program Files\NVIDIA GPU Computing Toolkit\CUDA\v5.5\bin\nvcc.exe" -ccbin "c:\Program Files (x86)\Microsoft Visual Studio 10.0\VC\bin\x86_amd64"  -IC:\boinc\lib -IC:\boinc\api -I"C:\Program Files\NVIDIA GPU Computing Toolkit\CUDA\v5.5\include" -I"C:\Program Files\NVIDIA GPU Computing Toolkit\CUDA\v5.5\include"     --keep-dir x64\Release -maxrregcount=80 --ptxas-options=-v --machine 64 --compile      -D_USE_MATH_DEFINES -D_CRT_SECURE_NO_WARNINGS -DWIN32 -DNDEBUG -D_WINDOWS -Xcompiler "/EHsc /W3 /nologo /O2 /Zi  /MT  " -o x64\Release\mrqcof.cu.obj "C:\period_search_cuda_win\period_search\mrqcof.cu" -clean 
         Deleting file "x64\Release\period_search\mrqcof.cu.deps".
       CudaClean:
         cmd.exe /C "C:\Users\Radim\AppData\Local\Temp\tmp2c4f257981a34bab857b069f64a41d2c.cmd"
         "C:\Program Files\NVIDIA GPU Computing Toolkit\CUDA\v5.5\bin\nvcc.exe" -ccbin "c:\Program Files (x86)\Microsoft Visual Studio 10.0\VC\bin\x86_amd64"  -IC:\boinc\lib -IC:\boinc\api -I"C:\Program Files\NVIDIA GPU Computing Toolkit\CUDA\v5.5\include" -I"C:\Program Files\NVIDIA GPU Computing Toolkit\CUDA\v5.5\include"     --keep-dir x64\Release -maxrregcount=80 --ptxas-options=-v --machine 64 --compile      -D_USE_MATH_DEFINES -D_CRT_SECURE_NO_WARNINGS -DWIN32 -DNDEBUG -D_WINDOWS -Xcompiler "/EHsc /W3 /nologo /O2 /Zi  /MT  " -o x64\Release\mrqmin.cu.obj "C:\period_search_cuda_win\period_search\mrqmin.cu" -clean
         
         C:\period_search_cuda_win>"C:\Program Files\NVIDIA GPU Computing Toolkit\CUDA\v5.5\bin\nvcc.exe" -ccbin "c:\Program Files (x86)\Microsoft Visual Studio 10.0\VC\bin\x86_amd64"  -IC:\boinc\lib -IC:\boinc\api -I"C:\Program Files\NVIDIA GPU Computing Toolkit\CUDA\v5.5\include" -I"C:\Program Files\NVIDIA GPU Computing Toolkit\CUDA\v5.5\include"     --keep-dir x64\Release -maxrregcount=80 --ptxas-options=-v --machine 64 --compile      -D_USE_MATH_DEFINES -D_CRT_SECURE_NO_WARNINGS -DWIN32 -DNDEBUG -D_WINDOWS -Xcompiler "/EHsc /W3 /nologo /O2 /Zi  /MT  " -o x64\Release\mrqmin.cu.obj "C:\period_search_cuda_win\period_search\mrqmin.cu" -clean 
         Deleting file "x64\Release\period_search\mrqmin.cu.deps".
       CudaClean:
         cmd.exe /C "C:\Users\Radim\AppData\Local\Temp\tmp94cfc4d5b7fb4d55b569629397a787fb.cmd"
         "C:\Program Files\NVIDIA GPU Computing Toolkit\CUDA\v5.5\bin\nvcc.exe" -ccbin "c:\Program Files (x86)\Microsoft Visual Studio 10.0\VC\bin\x86_amd64"  -IC:\boinc\lib -IC:\boinc\api -I"C:\Program Files\NVIDIA GPU Computing Toolkit\CUDA\v5.5\include" -I"C:\Program Files\NVIDIA GPU Computing Toolkit\CUDA\v5.5\include"     --keep-dir x64\Release -maxrregcount=80 --ptxas-options=-v --machine 64 --compile      -D_USE_MATH_DEFINES -D_CRT_SECURE_NO_WARNINGS -DWIN32 -DNDEBUG -D_WINDOWS -Xcompiler "/EHsc /W3 /nologo /O2 /Zi  /MT  " -o x64\Release\start_CUDA.cu.obj "C:\period_search_cuda_win\period_search\start_CUDA.cu" -clean
         
         C:\period_search_cuda_win>"C:\Program Files\NVIDIA GPU Computing Toolkit\CUDA\v5.5\bin\nvcc.exe" -ccbin "c:\Program Files (x86)\Microsoft Visual Studio 10.0\VC\bin\x86_amd64"  -IC:\boinc\lib -IC:\boinc\api -I"C:\Program Files\NVIDIA GPU Computing Toolkit\CUDA\v5.5\include" -I"C:\Program Files\NVIDIA GPU Computing Toolkit\CUDA\v5.5\include"     --keep-dir x64\Release -maxrregcount=80 --ptxas-options=-v --machine 64 --compile      -D_USE_MATH_DEFINES -D_CRT_SECURE_NO_WARNINGS -DWIN32 -DNDEBUG -D_WINDOWS -Xcompiler "/EHsc /W3 /nologo /O2 /Zi  /MT  " -o x64\Release\start_CUDA.cu.obj "C:\period_search_cuda_win\period_search\start_CUDA.cu" -clean 
         Deleting file "x64\Release\period_search\start_CUDA.cu.deps".
     1>Done Building Project "C:\period_search_cuda_win\pscuda.vcxproj" (clean target(s)).

Build succeeded.

Time Elapsed 00:00:08.09
