C:\PSSSE3\WIN32\RELEASE\AREANORM.OBJ
C:\PSSSE3\WIN32\RELEASE\BLMATRIX.OBJ
C:\PSSSE3\WIN32\RELEASE\BRIGHT.OBJ
C:\pssse3\Win32\Release\cl.command.1.tlog
C:\pssse3\Win32\Release\CL.read.1.tlog
C:\pssse3\Win32\Release\CL.write.1.tlog
C:\PSSSE3\WIN32\RELEASE\CONV.OBJ
C:\PSSSE3\WIN32\RELEASE\COVSRT.OBJ
C:\PSSSE3\WIN32\RELEASE\CURV.OBJ
C:\PSSSE3\WIN32\RELEASE\DOT_PRODUCT.OBJ
C:\PSSSE3\WIN32\RELEASE\ELLFIT.OBJ
C:\PSSSE3\WIN32\RELEASE\GAUSS_ERRC.OBJ
C:\pssse3\Win32\Release\link.command.1.tlog
C:\pssse3\Win32\Release\link.read.1.tlog
C:\pssse3\Win32\Release\link.write.1.tlog
C:\PSSSE3\WIN32\RELEASE\LUBKSB.OBJ
C:\PSSSE3\WIN32\RELEASE\LUDCMP.OBJ
C:\PSSSE3\WIN32\RELEASE\MATRIX.OBJ
C:\PSSSE3\WIN32\RELEASE\MEMORY.OBJ
C:\PSSSE3\WIN32\RELEASE\MRQCOF.OBJ
C:\PSSSE3\WIN32\RELEASE\MRQMIN.OBJ
C:\pssse3\Win32\Release\mt.command.1.tlog
C:\pssse3\Win32\Release\mt.read.1.tlog
C:\pssse3\Win32\Release\mt.write.1.tlog
C:\PSSSE3\WIN32\RELEASE\PERIOD_SEARCH_BOINC.OBJ
C:\PSSSE3\WIN32\RELEASE\PHASEC.OBJ
C:\PSSSE3\WIN32\RELEASE\PSSSE.EXE
C:\PSSSE3\WIN32\RELEASE\PSSSE.EXE.INTERMEDIATE.MANIFEST
C:\PSSSE3\WIN32\RELEASE\SPHFUNC.OBJ
C:\PSSSE3\WIN32\RELEASE\TRIFAC.OBJ
C:\PSSSE3\WIN32\RELEASE\VC100.PDB
