Build started 3.3.2014 21:41:54.
     1>Project "C:\period_search_cuda_win\pscuda.vcxproj" on node 2 (clean target(s)).
     1>_PrepareForClean:
         Deleting file "Win32\Release\pscuda.lastbuildstate".
       CudaClean:
         cmd.exe /C "C:\Users\Radim\AppData\Local\Temp\tmp55e60c01638a49dabd6928248ec23e8f.cmd"
         "C:\Program Files\NVIDIA GPU Computing Toolkit\CUDA\v5.5\bin\nvcc.exe" -ccbin "c:\Program Files (x86)\Microsoft Visual Studio 10.0\VC\bin"  -IC:\boinc\lib -IC:\boinc\api -I"C:\Program Files\NVIDIA GPU Computing Toolkit\CUDA\v5.5\include" -I"C:\Program Files\NVIDIA GPU Computing Toolkit\CUDA\v5.5\include"     --keep-dir Release -maxrregcount=80 --ptxas-options=-v --machine 32 --compile      -D_USE_MATH_DEFINES -D_CRT_SECURE_NO_WARNINGS -DWIN32 -DNDEBUG -D_WINDOWS -Xcompiler "/EHsc /W3 /nologo /Ox /Zi  /MT  " -o Win32\Release\blmatrix.cu.obj "C:\period_search_cuda_win\period_search\blmatrix.cu" -clean
         
         C:\period_search_cuda_win>"C:\Program Files\NVIDIA GPU Computing Toolkit\CUDA\v5.5\bin\nvcc.exe" -ccbin "c:\Program Files (x86)\Microsoft Visual Studio 10.0\VC\bin"  -IC:\boinc\lib -IC:\boinc\api -I"C:\Program Files\NVIDIA GPU Computing Toolkit\CUDA\v5.5\include" -I"C:\Program Files\NVIDIA GPU Computing Toolkit\CUDA\v5.5\include"     --keep-dir Release -maxrregcount=80 --ptxas-options=-v --machine 32 --compile      -D_USE_MATH_DEFINES -D_CRT_SECURE_NO_WARNINGS -DWIN32 -DNDEBUG -D_WINDOWS -Xcompiler "/EHsc /W3 /nologo /Ox /Zi  /MT  " -o Win32\Release\blmatrix.cu.obj "C:\period_search_cuda_win\period_search\blmatrix.cu" -clean 
         Deleting file "Win32\Release\period_search\blmatrix.cu.deps".
       CudaClean:
         cmd.exe /C "C:\Users\Radim\AppData\Local\Temp\tmp4b2302ced3224e0d8d3d661820a90e6c.cmd"
         "C:\Program Files\NVIDIA GPU Computing Toolkit\CUDA\v5.5\bin\nvcc.exe" -ccbin "c:\Program Files (x86)\Microsoft Visual Studio 10.0\VC\bin"  -IC:\boinc\lib -IC:\boinc\api -I"C:\Program Files\NVIDIA GPU Computing Toolkit\CUDA\v5.5\include" -I"C:\Program Files\NVIDIA GPU Computing Toolkit\CUDA\v5.5\include"     --keep-dir Release -maxrregcount=80 --ptxas-options=-v --machine 32 --compile      -D_USE_MATH_DEFINES -D_CRT_SECURE_NO_WARNINGS -DWIN32 -DNDEBUG -D_WINDOWS -Xcompiler "/EHsc /W3 /nologo /Ox /Zi  /MT  " -o Win32\Release\bright.cu.obj "C:\period_search_cuda_win\period_search\bright.cu" -clean
         
         C:\period_search_cuda_win>"C:\Program Files\NVIDIA GPU Computing Toolkit\CUDA\v5.5\bin\nvcc.exe" -ccbin "c:\Program Files (x86)\Microsoft Visual Studio 10.0\VC\bin"  -IC:\boinc\lib -IC:\boinc\api -I"C:\Program Files\NVIDIA GPU Computing Toolkit\CUDA\v5.5\include" -I"C:\Program Files\NVIDIA GPU Computing Toolkit\CUDA\v5.5\include"     --keep-dir Release -maxrregcount=80 --ptxas-options=-v --machine 32 --compile      -D_USE_MATH_DEFINES -D_CRT_SECURE_NO_WARNINGS -DWIN32 -DNDEBUG -D_WINDOWS -Xcompiler "/EHsc /W3 /nologo /Ox /Zi  /MT  " -o Win32\Release\bright.cu.obj "C:\period_search_cuda_win\period_search\bright.cu" -clean 
         Deleting file "Win32\Release\period_search\bright.cu.deps".
       CudaClean:
         cmd.exe /C "C:\Users\Radim\AppData\Local\Temp\tmpe603495165a44c03b5bc4a2a900cd110.cmd"
         "C:\Program Files\NVIDIA GPU Computing Toolkit\CUDA\v5.5\bin\nvcc.exe" -ccbin "c:\Program Files (x86)\Microsoft Visual Studio 10.0\VC\bin"  -IC:\boinc\lib -IC:\boinc\api -I"C:\Program Files\NVIDIA GPU Computing Toolkit\CUDA\v5.5\include" -I"C:\Program Files\NVIDIA GPU Computing Toolkit\CUDA\v5.5\include"     --keep-dir Release -maxrregcount=80 --ptxas-options=-v --machine 32 --compile      -D_USE_MATH_DEFINES -D_CRT_SECURE_NO_WARNINGS -DWIN32 -DNDEBUG -D_WINDOWS -Xcompiler "/EHsc /W3 /nologo /Ox /Zi  /MT  " -o Win32\Release\conv.cu.obj "C:\period_search_cuda_win\period_search\conv.cu" -clean
         
         C:\period_search_cuda_win>"C:\Program Files\NVIDIA GPU Computing Toolkit\CUDA\v5.5\bin\nvcc.exe" -ccbin "c:\Program Files (x86)\Microsoft Visual Studio 10.0\VC\bin"  -IC:\boinc\lib -IC:\boinc\api -I"C:\Program Files\NVIDIA GPU Computing Toolkit\CUDA\v5.5\include" -I"C:\Program Files\NVIDIA GPU Computing Toolkit\CUDA\v5.5\include"     --keep-dir Release -maxrregcount=80 --ptxas-options=-v --machine 32 --compile      -D_USE_MATH_DEFINES -D_CRT_SECURE_NO_WARNINGS -DWIN32 -DNDEBUG -D_WINDOWS -Xcompiler "/EHsc /W3 /nologo /Ox /Zi  /MT  " -o Win32\Release\conv.cu.obj "C:\period_search_cuda_win\period_search\conv.cu" -clean 
         Deleting file "Win32\Release\period_search\conv.cu.deps".
       CudaClean:
         cmd.exe /C "C:\Users\Radim\AppData\Local\Temp\tmp1ec08994695048f09fe48d4b05383d0d.cmd"
         "C:\Program Files\NVIDIA GPU Computing Toolkit\CUDA\v5.5\bin\nvcc.exe" -ccbin "c:\Program Files (x86)\Microsoft Visual Studio 10.0\VC\bin"  -IC:\boinc\lib -IC:\boinc\api -I"C:\Program Files\NVIDIA GPU Computing Toolkit\CUDA\v5.5\include" -I"C:\Program Files\NVIDIA GPU Computing Toolkit\CUDA\v5.5\include"     --keep-dir Release -maxrregcount=80 --ptxas-options=-v --machine 32 --compile      -D_USE_MATH_DEFINES -D_CRT_SECURE_NO_WARNINGS -DWIN32 -DNDEBUG -D_WINDOWS -Xcompiler "/EHsc /W3 /nologo /Ox /Zi  /MT  " -o Win32\Release\curv.cu.obj "C:\period_search_cuda_win\period_search\curv.cu" -clean
         
         C:\period_search_cuda_win>"C:\Program Files\NVIDIA GPU Computing Toolkit\CUDA\v5.5\bin\nvcc.exe" -ccbin "c:\Program Files (x86)\Microsoft Visual Studio 10.0\VC\bin"  -IC:\boinc\lib -IC:\boinc\api -I"C:\Program Files\NVIDIA GPU Computing Toolkit\CUDA\v5.5\include" -I"C:\Program Files\NVIDIA GPU Computing Toolkit\CUDA\v5.5\include"     --keep-dir Release -maxrregcount=80 --ptxas-options=-v --machine 32 --compile      -D_USE_MATH_DEFINES -D_CRT_SECURE_NO_WARNINGS -DWIN32 -DNDEBUG -D_WINDOWS -Xcompiler "/EHsc /W3 /nologo /Ox /Zi  /MT  " -o Win32\Release\curv.cu.obj "C:\period_search_cuda_win\period_search\curv.cu" -clean 
         Deleting file "Win32\Release\period_search\curv.cu.deps".
       CudaClean:
         cmd.exe /C "C:\Users\Radim\AppData\Local\Temp\tmp688c168e58954229aca32683e613a565.cmd"
         "C:\Program Files\NVIDIA GPU Computing Toolkit\CUDA\v5.5\bin\nvcc.exe" -ccbin "c:\Program Files (x86)\Microsoft Visual Studio 10.0\VC\bin"  -IC:\boinc\lib -IC:\boinc\api -I"C:\Program Files\NVIDIA GPU Computing Toolkit\CUDA\v5.5\include" -I"C:\Program Files\NVIDIA GPU Computing Toolkit\CUDA\v5.5\include"     --keep-dir Release -maxrregcount=32 --ptxas-options=-v --machine 32 --compile      -D_USE_MATH_DEFINES -D_CRT_SECURE_NO_WARNINGS -DWIN32 -DNDEBUG -D_WINDOWS -Xcompiler "/EHsc /W3 /nologo /Ox /Zi  /MT  " -o Win32\Release\curve2_CUDA.cu.obj "C:\period_search_cuda_win\period_search\curve2_CUDA.cu" -clean
         
         C:\period_search_cuda_win>"C:\Program Files\NVIDIA GPU Computing Toolkit\CUDA\v5.5\bin\nvcc.exe" -ccbin "c:\Program Files (x86)\Microsoft Visual Studio 10.0\VC\bin"  -IC:\boinc\lib -IC:\boinc\api -I"C:\Program Files\NVIDIA GPU Computing Toolkit\CUDA\v5.5\include" -I"C:\Program Files\NVIDIA GPU Computing Toolkit\CUDA\v5.5\include"     --keep-dir Release -maxrregcount=32 --ptxas-options=-v --machine 32 --compile      -D_USE_MATH_DEFINES -D_CRT_SECURE_NO_WARNINGS -DWIN32 -DNDEBUG -D_WINDOWS -Xcompiler "/EHsc /W3 /nologo /Ox /Zi  /MT  " -o Win32\Release\curve2_CUDA.cu.obj "C:\period_search_cuda_win\period_search\curve2_CUDA.cu" -clean 
         Deleting file "Win32\Release\period_search\curve2_CUDA.cu.deps".
       CudaClean:
         cmd.exe /C "C:\Users\Radim\AppData\Local\Temp\tmpc23dbad90537470bb8b0101b0d3ba92b.cmd"
         "C:\Program Files\NVIDIA GPU Computing Toolkit\CUDA\v5.5\bin\nvcc.exe" -ccbin "c:\Program Files (x86)\Microsoft Visual Studio 10.0\VC\bin"  -IC:\boinc\lib -IC:\boinc\api -I"C:\Program Files\NVIDIA GPU Computing Toolkit\CUDA\v5.5\include" -I"C:\Program Files\NVIDIA GPU Computing Toolkit\CUDA\v5.5\include"     --keep-dir Release -maxrregcount=80 --ptxas-options=-v --machine 32 --compile      -D_USE_MATH_DEFINES -D_CRT_SECURE_NO_WARNINGS -DWIN32 -DNDEBUG -D_WINDOWS -Xcompiler "/EHsc /W3 /nologo /Ox /Zi  /MT  " -o Win32\Release\gauss_errc.cu.obj "C:\period_search_cuda_win\period_search\gauss_errc.cu" -clean
         
         C:\period_search_cuda_win>"C:\Program Files\NVIDIA GPU Computing Toolkit\CUDA\v5.5\bin\nvcc.exe" -ccbin "c:\Program Files (x86)\Microsoft Visual Studio 10.0\VC\bin"  -IC:\boinc\lib -IC:\boinc\api -I"C:\Program Files\NVIDIA GPU Computing Toolkit\CUDA\v5.5\include" -I"C:\Program Files\NVIDIA GPU Computing Toolkit\CUDA\v5.5\include"     --keep-dir Release -maxrregcount=80 --ptxas-options=-v --machine 32 --compile      -D_USE_MATH_DEFINES -D_CRT_SECURE_NO_WARNINGS -DWIN32 -DNDEBUG -D_WINDOWS -Xcompiler "/EHsc /W3 /nologo /Ox /Zi  /MT  " -o Win32\Release\gauss_errc.cu.obj "C:\period_search_cuda_win\period_search\gauss_errc.cu" -clean 
         Deleting file "Win32\Release\period_search\gauss_errc.cu.deps".
       CudaClean:
         cmd.exe /C "C:\Users\Radim\AppData\Local\Temp\tmp257ce668895d4a17b39a0d3012233e3a.cmd"
         "C:\Program Files\NVIDIA GPU Computing Toolkit\CUDA\v5.5\bin\nvcc.exe" -ccbin "c:\Program Files (x86)\Microsoft Visual Studio 10.0\VC\bin"  -IC:\boinc\lib -IC:\boinc\api -I"C:\Program Files\NVIDIA GPU Computing Toolkit\CUDA\v5.5\include" -I"C:\Program Files\NVIDIA GPU Computing Toolkit\CUDA\v5.5\include"     --keep-dir Release -maxrregcount=80 --ptxas-options=-v --machine 32 --compile      -D_USE_MATH_DEFINES -D_CRT_SECURE_NO_WARNINGS -DWIN32 -DNDEBUG -D_WINDOWS -Xcompiler "/EHsc /W3 /nologo /Ox /Zi  /MT  " -o Win32\Release\mrqcof.cu.obj "C:\period_search_cuda_win\period_search\mrqcof.cu" -clean
         
         C:\period_search_cuda_win>"C:\Program Files\NVIDIA GPU Computing Toolkit\CUDA\v5.5\bin\nvcc.exe" -ccbin "c:\Program Files (x86)\Microsoft Visual Studio 10.0\VC\bin"  -IC:\boinc\lib -IC:\boinc\api -I"C:\Program Files\NVIDIA GPU Computing Toolkit\CUDA\v5.5\include" -I"C:\Program Files\NVIDIA GPU Computing Toolkit\CUDA\v5.5\include"     --keep-dir Release -maxrregcount=80 --ptxas-options=-v --machine 32 --compile      -D_USE_MATH_DEFINES -D_CRT_SECURE_NO_WARNINGS -DWIN32 -DNDEBUG -D_WINDOWS -Xcompiler "/EHsc /W3 /nologo /Ox /Zi  /MT  " -o Win32\Release\mrqcof.cu.obj "C:\period_search_cuda_win\period_search\mrqcof.cu" -clean 
         Deleting file "Win32\Release\period_search\mrqcof.cu.deps".
       CudaClean:
         cmd.exe /C "C:\Users\Radim\AppData\Local\Temp\tmpf1205f3384044da6add09a9c20b616b8.cmd"
         "C:\Program Files\NVIDIA GPU Computing Toolkit\CUDA\v5.5\bin\nvcc.exe" -ccbin "c:\Program Files (x86)\Microsoft Visual Studio 10.0\VC\bin"  -IC:\boinc\lib -IC:\boinc\api -I"C:\Program Files\NVIDIA GPU Computing Toolkit\CUDA\v5.5\include" -I"C:\Program Files\NVIDIA GPU Computing Toolkit\CUDA\v5.5\include"     --keep-dir Release -maxrregcount=80 --ptxas-options=-v --machine 32 --compile      -D_USE_MATH_DEFINES -D_CRT_SECURE_NO_WARNINGS -DWIN32 -DNDEBUG -D_WINDOWS -Xcompiler "/EHsc /W3 /nologo /Ox /Zi  /MT  " -o Win32\Release\mrqmin.cu.obj "C:\period_search_cuda_win\period_search\mrqmin.cu" -clean
         
         C:\period_search_cuda_win>"C:\Program Files\NVIDIA GPU Computing Toolkit\CUDA\v5.5\bin\nvcc.exe" -ccbin "c:\Program Files (x86)\Microsoft Visual Studio 10.0\VC\bin"  -IC:\boinc\lib -IC:\boinc\api -I"C:\Program Files\NVIDIA GPU Computing Toolkit\CUDA\v5.5\include" -I"C:\Program Files\NVIDIA GPU Computing Toolkit\CUDA\v5.5\include"     --keep-dir Release -maxrregcount=80 --ptxas-options=-v --machine 32 --compile      -D_USE_MATH_DEFINES -D_CRT_SECURE_NO_WARNINGS -DWIN32 -DNDEBUG -D_WINDOWS -Xcompiler "/EHsc /W3 /nologo /Ox /Zi  /MT  " -o Win32\Release\mrqmin.cu.obj "C:\period_search_cuda_win\period_search\mrqmin.cu" -clean 
         Deleting file "Win32\Release\period_search\mrqmin.cu.deps".
       CudaClean:
         cmd.exe /C "C:\Users\Radim\AppData\Local\Temp\tmp11f2cd2b3be343189d5da994379cc66e.cmd"
         "C:\Program Files\NVIDIA GPU Computing Toolkit\CUDA\v5.5\bin\nvcc.exe" -ccbin "c:\Program Files (x86)\Microsoft Visual Studio 10.0\VC\bin"  -IC:\boinc\lib -IC:\boinc\api -I"C:\Program Files\NVIDIA GPU Computing Toolkit\CUDA\v5.5\include" -I"C:\Program Files\NVIDIA GPU Computing Toolkit\CUDA\v5.5\include"     --keep-dir Release -maxrregcount=80 --ptxas-options=-v --machine 32 --compile      -D_USE_MATH_DEFINES -D_CRT_SECURE_NO_WARNINGS -DWIN32 -DNDEBUG -D_WINDOWS -Xcompiler "/EHsc /W3 /nologo /Ox /Zi  /MT  " -o Win32\Release\start_CUDA.cu.obj "C:\period_search_cuda_win\period_search\start_CUDA.cu" -clean
         
         C:\period_search_cuda_win>"C:\Program Files\NVIDIA GPU Computing Toolkit\CUDA\v5.5\bin\nvcc.exe" -ccbin "c:\Program Files (x86)\Microsoft Visual Studio 10.0\VC\bin"  -IC:\boinc\lib -IC:\boinc\api -I"C:\Program Files\NVIDIA GPU Computing Toolkit\CUDA\v5.5\include" -I"C:\Program Files\NVIDIA GPU Computing Toolkit\CUDA\v5.5\include"     --keep-dir Release -maxrregcount=80 --ptxas-options=-v --machine 32 --compile      -D_USE_MATH_DEFINES -D_CRT_SECURE_NO_WARNINGS -DWIN32 -DNDEBUG -D_WINDOWS -Xcompiler "/EHsc /W3 /nologo /Ox /Zi  /MT  " -o Win32\Release\start_CUDA.cu.obj "C:\period_search_cuda_win\period_search\start_CUDA.cu" -clean 
         Deleting file "Win32\Release\period_search\start_CUDA.cu.deps".
     1>Done Building Project "C:\period_search_cuda_win\pscuda.vcxproj" (clean target(s)).

Build succeeded.

Time Elapsed 00:00:08.06
