Build started 14.1.2018 г. 20:09:46.
     1>Project "C:\Users\Georgi\Source\Repos\AsteroidsAtHome\period_search_optimization_cpu_win\pscpu.vcxproj" on node 2 (Build target(s)).
     1>Building with tools version "14.0".
     1>Target "_CheckForInvalidConfigurationAndPlatform" in file "C:\Program Files (x86)\MSBuild\14.0\bin\Microsoft.Common.CurrentVersion.targets" from project "C:\Users\Georgi\Source\Repos\AsteroidsAtHome\period_search_optimization_cpu_win\pscpu.vcxproj" (entry point):
       Task "Error" skipped, due to false condition; ( '$(_InvalidConfigurationError)' == 'true' ) was evaluated as ( '' == 'true' ).
       Task "Warning" skipped, due to false condition; ( '$(_InvalidConfigurationWarning)' == 'true' ) was evaluated as ( '' == 'true' ).
       Using "Message" task from assembly "Microsoft.Build.Tasks.Core, Version=14.0.0.0, Culture=neutral, PublicKeyToken=b03f5f7f11d50a3a".
       Task "Message"
         Configuration=Release
       Done executing task "Message".
       Task "Message"
         Platform=x64
       Done executing task "Message".
       Task "Error" skipped, due to false condition; ('$(OutDir)' != '' and !HasTrailingSlash('$(OutDir)')) was evaluated as ('C:\Users\Georgi\Source\Repos\AsteroidsAtHome\period_search_optimization_cpu_win\x64\Release\' != '' and !HasTrailingSlash('C:\Users\Georgi\Source\Repos\AsteroidsAtHome\period_search_optimization_cpu_win\x64\Release\')).
       Task "Error" skipped, due to false condition; ('$(BaseIntermediateOutputPath)' != '' and !HasTrailingSlash('$(BaseIntermediateOutputPath)')) was evaluated as ('obj\' != '' and !HasTrailingSlash('obj\')).
       Task "Error" skipped, due to false condition; ('$(IntermediateOutputPath)' != '' and !HasTrailingSlash('$(IntermediateOutputPath)')) was evaluated as ('x64\Release\' != '' and !HasTrailingSlash('x64\Release\')).
     1>Done building target "_CheckForInvalidConfigurationAndPlatform" in project "pscpu.vcxproj".
     1>Target "_PrepareForBuild" in file "C:\Program Files (x86)\MSBuild\Microsoft.Cpp\v4.0\V140\Microsoft.BuildSteps.Targets" from project "C:\Users\Georgi\Source\Repos\AsteroidsAtHome\period_search_optimization_cpu_win\pscpu.vcxproj" (target "Build" depends on it):
       Task "CreateItem" skipped, due to false condition; ('%(CustomBuild.IncludeFileToTool)'!='') was evaluated as (''!='').
     1>Done building target "_PrepareForBuild" in project "pscpu.vcxproj".
     1>Target "_PrepareForReferenceResolution" in file "C:\Program Files (x86)\MSBuild\Microsoft.Cpp\v4.0\V140\Microsoft.CppBuild.targets" from project "C:\Users\Georgi\Source\Repos\AsteroidsAtHome\period_search_optimization_cpu_win\pscpu.vcxproj" (target "ResolveReferences" depends on it):
       Task "Message" skipped, due to false condition; ('$(_REFERENCE_DEBUG)'=='true') was evaluated as (''=='true').
     1>Done building target "_PrepareForReferenceResolution" in project "pscpu.vcxproj".
       Target "ComputeCrtSDKReference" skipped, due to false condition; ('@(ClCompile)'!='' and '$(WindowsAppContainer)'=='true' and '$(UseCrtSDKReference)' != 'false') was evaluated as ('period_search\areanorm.c;period_search\blmatrix.c;period_search\bright.c;period_search\conv.c;period_search\covsrt.c;period_search\curv.c;period_search\dot_product.c;period_search\ellfit.c;period_search\gauss_errc.c;period_search\lubksb.c;period_search\ludcmp.c;period_search\matrix.c;period_search\memory.c;period_search\mrqcof.c;period_search\mrqmin.c;period_search\period_search_BOINC.cpp;period_search\phasec.c;period_search\sphfunc.c;period_search\trifac.c'!='' and 'false'=='true' and '' != 'false').
     1>Target "BeforeResolveReferences" in file "C:\Program Files (x86)\MSBuild\14.0\bin\Microsoft.Common.CurrentVersion.targets" from project "C:\Users\Georgi\Source\Repos\AsteroidsAtHome\period_search_optimization_cpu_win\pscpu.vcxproj" (target "ResolveReferences" depends on it):
     1>Done building target "BeforeResolveReferences" in project "pscpu.vcxproj".
     1>Target "AssignProjectConfiguration" in file "C:\Program Files (x86)\MSBuild\14.0\bin\Microsoft.Common.CurrentVersion.targets" from project "C:\Users\Georgi\Source\Repos\AsteroidsAtHome\period_search_optimization_cpu_win\pscpu.vcxproj" (target "ResolveReferences" depends on it):
       Using "AssignProjectConfiguration" task from assembly "Microsoft.Build.Tasks.Core, Version=14.0.0.0, Culture=neutral, PublicKeyToken=b03f5f7f11d50a3a".
       Task "AssignProjectConfiguration"
       Done executing task "AssignProjectConfiguration".
     1>Done building target "AssignProjectConfiguration" in project "pscpu.vcxproj".
       Target "AssignProjectConfiguration" skipped. Previously built successfully.
     1>Target "_SplitProjectReferencesByFileExistence" in file "C:\Program Files (x86)\MSBuild\14.0\bin\Microsoft.Common.CurrentVersion.targets" from project "C:\Users\Georgi\Source\Repos\AsteroidsAtHome\period_search_optimization_cpu_win\pscpu.vcxproj" (target "ResolveProjectReferences" depends on it):
       Task "ResolveNonMSBuildProjectOutput" skipped, due to false condition; ('$(BuildingInsideVisualStudio)'=='true' and '@(ProjectReferenceWithConfiguration)'!='') was evaluated as ('true'=='true' and ''!='').
     1>Done building target "_SplitProjectReferencesByFileExistence" in project "pscpu.vcxproj".
       Target "_RemoveNameMetadataFromProjectReferenceItems" skipped, due to false condition; ('@(ProjectReference)'!='') was evaluated as (''!='').
     1>Target "ResolveProjectReferences" in file "C:\Program Files (x86)\MSBuild\14.0\bin\Microsoft.Common.CurrentVersion.targets" from project "C:\Users\Georgi\Source\Repos\AsteroidsAtHome\period_search_optimization_cpu_win\pscpu.vcxproj" (target "ResolveReferences" depends on it):
       Task "MSBuild" skipped, due to false condition; ('%(_MSBuildProjectReferenceExistent.BuildReference)' == 'true' and '@(ProjectReferenceWithConfiguration)' != '' and ('$(BuildingInsideVisualStudio)' == 'true' or '$(BuildProjectReferences)' != 'true') and '$(VisualStudioVersion)' != '10.0' and '@(_MSBuildProjectReferenceExistent)' != '') was evaluated as ('' == 'true' and '' != '' and ('true' == 'true' or 'true' != 'true') and '14.0' != '10.0' and '' != '').
       Task "MSBuild" skipped, due to false condition; ('%(_MSBuildProjectReferenceExistent.BuildReference)' == 'true' and '@(ProjectReferenceWithConfiguration)' != '' and ('$(BuildingInsideVisualStudio)' == 'true' or '$(BuildProjectReferences)' != 'true') and '$(VisualStudioVersion)' == '10.0' and '@(_MSBuildProjectReferenceExistent)' != '') was evaluated as ('' == 'true' and '' != '' and ('true' == 'true' or 'true' != 'true') and '14.0' == '10.0' and '' != '').
       Task "MSBuild" skipped, due to false condition; ('%(_MSBuildProjectReferenceExistent.BuildReference)' == 'true' and '@(ProjectReferenceWithConfiguration)' != '' and '$(BuildingInsideVisualStudio)' != 'true' and '$(BuildProjectReferences)' == 'true' and '@(_MSBuildProjectReferenceExistent)' != '') was evaluated as ('' == 'true' and '' != '' and 'true' != 'true' and 'true' == 'true' and '' != '').
       Task "MSBuild" skipped, due to false condition; ('%(_MSBuildProjectReferenceExistent.BuildReference)' == 'true' and '@(ProjectReferenceWithConfiguration)' != '' and '$(BuildingProject)' == 'true' and '@(_MSBuildProjectReferenceExistent)' != '') was evaluated as ('' == 'true' and '' != '' and 'true' == 'true' and '' != '').
       Task "Warning" skipped, due to false condition; ('@(ProjectReferenceWithConfiguration)' != '' and '@(_MSBuildProjectReferenceNonexistent)' != '') was evaluated as ('' != '' and '' != '').
     1>Done building target "ResolveProjectReferences" in project "pscpu.vcxproj".
       Target "FindInvalidProjectReferences" skipped, due to false condition; ('$(FindInvalidProjectReferences)' == 'true') was evaluated as ('' == 'true').
       Target "ResolveNativeReferences" skipped, due to false condition; ('@(NativeReference)'!='') was evaluated as (''!='').
       Target "_PrepareForReferenceResolution" skipped. Previously built successfully.
     1>Target "GetFrameworkPaths" in file "C:\Program Files (x86)\MSBuild\14.0\bin\Microsoft.NetFramework.CurrentVersion.targets" from project "C:\Users\Georgi\Source\Repos\AsteroidsAtHome\period_search_optimization_cpu_win\pscpu.vcxproj" (target "ResolveAssemblyReferences" depends on it):
     1>Done building target "GetFrameworkPaths" in project "pscpu.vcxproj".
       Target "GetWinFXPath" skipped, due to false condition; (('@(Page)' != '' or '@(ApplicationDefinition)' != '' or '@(Resource)' != '') and ('$(GetWinFXNativePath)' != '' or '$(GetWinFXWoWPath)' != '' )) was evaluated as (('' != '' or '' != '' or '' != '') and ('' != '' or '' != '' )).
     1>Target "GetReferenceAssemblyPaths" in file "C:\Program Files (x86)\MSBuild\14.0\bin\Microsoft.Common.CurrentVersion.targets" from project "C:\Users\Georgi\Source\Repos\AsteroidsAtHome\period_search_optimization_cpu_win\pscpu.vcxproj" (target "ResolveAssemblyReferences" depends on it):
       Task "GetReferenceAssemblyPaths" skipped, due to false condition; ('$(TargetFrameworkMoniker)' != '' and ('$(_TargetFrameworkDirectories)' == '' or '$(_FullFrameworkReferenceAssemblyPaths)' == '')) was evaluated as ('' != '' and ('C:\Program Files (x86)\Reference Assemblies\Microsoft\Framework\.NETFramework\v4.0' == '' or 'C:\Program Files (x86)\Reference Assemblies\Microsoft\Framework\.NETFramework\v4.0' == '')).
     1>Done building target "GetReferenceAssemblyPaths" in project "pscpu.vcxproj".
     1>Target "SetBuildDefaultEnvironmentVariables" in file "C:\Program Files (x86)\MSBuild\Microsoft.Cpp\v4.0\V140\Microsoft.Cpp.Current.targets" from project "C:\Users\Georgi\Source\Repos\AsteroidsAtHome\period_search_optimization_cpu_win\pscpu.vcxproj" (target "PrepareForBuild" depends on it):
       Using "SetEnv" task from assembly "C:\Program Files (x86)\MSBuild\Microsoft.Cpp\v4.0\V140\Microsoft.Build.CppTasks.Common.dll".
       Task "SetEnv"
         PATH=C:\Program Files (x86)\Microsoft Visual Studio 14.0\VC\bin\x86_amd64;C:\Program Files (x86)\Microsoft Visual Studio 14.0\VC\bin;C:\Program Files (x86)\Windows Kits\8.1\bin\x86;;C:\Program Files (x86)\Microsoft SDKs\Windows\v10.0A\bin\NETFX 4.6.1 Tools;C:\Program Files (x86)\Microsoft Visual Studio 14.0\Common7\tools;C:\Program Files (x86)\Microsoft Visual Studio 14.0\Common7\ide;C:\Program Files (x86)\HTML Help Workshop;;C:\Program Files (x86)\MSBuild\14.0\bin\;C:\WINDOWS\Microsoft.NET\Framework\v4.0.30319\;;C:\Program Files (x86)\Microsoft Visual Studio 14.0\Common7\IDE\CommonExtensions\Microsoft\TeamFoundation\Team Explorer\NativeBinaries\x86;c:\program files (x86)\microsoft visual studio 14.0\common7\ide;C:\Program Files (x86)\CodeXL\;C:\Users\Georgi\AMD APP SDK\2.9-1\bin\x86_64;C:\Users\Georgi\AMD APP SDK\2.9-1\bin\x86;C:\Program Files (x86)\AMD APP SDK\2.9-1\bin\x86_64;C:\Program Files (x86)\AMD APP SDK\2.9-1\bin\x86;C:\Program Files\NVIDIA GPU Computing Toolkit\CUDA\v9.1\bin;C:\Program Files\NVIDIA GPU Computing Toolkit\CUDA\v9.1\libnvvp;C:\ProgramData\Oracle\Java\javapath;C:\Program Files\NVIDIA GPU Computing Toolkit\CUDA\v8.0\bin;C:\Program Files\NVIDIA GPU Computing Toolkit\CUDA\v8.0\libnvvp;C:\Program Files\Microsoft MPI\Bin\;C:\Program Files (x86)\Intel\iCLS Client\;C:\Program Files\Intel\iCLS Client\;C:\WINDOWS\system32;C:\WINDOWS;C:\WINDOWS\System32\Wbem;C:\WINDOWS\System32\WindowsPowerShell\v1.0\;C:\Program Files (x86)\Intel\Intel(R) Management Engine Components\DAL;C:\Program Files\Intel\Intel(R) Management Engine Components\DAL;C:\Program Files (x86)\Intel\Intel(R) Management Engine Components\IPT;C:\Program Files\Intel\Intel(R) Management Engine Components\IPT;C:\Program Files\Microsoft SQL Server\130\Tools\Binn\;C:\Program Files\dotnet\;C:\Program Files (x86)\Skype\Phone\;C:\Program Files (x86)\NVIDIA Corporation\PhysX\Common;C:\Program Files\Microsoft SQL Server\110\Tools\Binn\;C:\Program Files (x86)\Microsoft SQL Server\Client SDK\ODBC\130\Tools\Binn\;C:\Program Files (x86)\Microsoft SQL Server\140\Tools\Binn\;C:\Program Files (x86)\Microsoft SQL Server\140\DTS\Binn\;C:\Program Files (x86)\Microsoft SQL Server\140\Tools\Binn\ManagementStudio\;C:\Program Files\Intel\WiFi\bin\;C:\Program Files\Common Files\Intel\WirelessCommon\;C:\WINDOWS\system32;C:\WINDOWS;C:\WINDOWS\System32\Wbem;C:\WINDOWS\System32\WindowsPowerShell\v1.0\;C:\Program Files (x86)\Windows Kits\10\Windows Performance Toolkit\;C:\Program Files\Microsoft SQL Server\120\Tools\Binn\;C:\Program Files (x86)\Microsoft SQL Server\110\DTS\Binn\;C:\Program Files (x86)\Microsoft SQL Server\120\DTS\Binn\;C:\Program Files (x86)\Microsoft SQL Server\130\DTS\Binn\;C:\Program Files (x86)\AMD APP SDK\3.0\bin\x86_64;C:\Program Files (x86)\AMD APP SDK\3.0\bin\x86;C:\Program Files\CMake\bin;C:\WINDOWS\SysWOW64\WindowsPowerShell\v1.0\Modules\TShell\TShell\;C:\Users\Georgi\AppData\Local\Microsoft\WindowsApps;C:\Program Files\Microsoft VS Code\bin;C:\Users\Georgi\AppData\Local\Programs\Fiddler;
       Done executing task "SetEnv".
       Task "SetEnv"
         LIB=C:\boinc\win_build\Build\x64\Release;C:\Program Files (x86)\Microsoft Visual Studio 14.0\VC\lib\amd64;;C:\Program Files (x86)\Microsoft Visual Studio 14.0\VC\atlmfc\lib\amd64;;C:\Program Files (x86)\Windows Kits\10\lib\10.0.10240.0\ucrt\x64;;;C:\Program Files (x86)\Windows Kits\8.1\lib\winv6.3\um\x64;;C:\Program Files (x86)\Windows Kits\NETFXSDK\4.6.1\Lib\um\x64
       Done executing task "SetEnv".
       Task "SetEnv"
         LIBPATH=C:\Program Files (x86)\Microsoft Visual Studio 14.0\VC\atlmfc\lib\amd64;;C:\Program Files (x86)\Microsoft Visual Studio 14.0\VC\lib\amd64;
       Done executing task "SetEnv".
       Task "SetEnv"
         INCLUDE=C:\Program Files (x86)\Microsoft Visual Studio 14.0\VC\include;;C:\Program Files (x86)\Microsoft Visual Studio 14.0\VC\atlmfc\include;;C:\Program Files (x86)\Windows Kits\10\Include\10.0.10240.0\ucrt;;;C:\Program Files (x86)\Windows Kits\8.1\Include\um;C:\Program Files (x86)\Windows Kits\8.1\Include\shared;C:\Program Files (x86)\Windows Kits\8.1\Include\winrt;;
       Done executing task "SetEnv".
     1>Done building target "SetBuildDefaultEnvironmentVariables" in project "pscpu.vcxproj".
       Target "SetUserMacroEnvironmentVariables" skipped, due to false condition; ('@(BuildMacro)' != '' and '$(DesignTimeBuild)' != 'true') was evaluated as ('' != '' and '' != 'true').
     1>Target "GetResolvedWinMD" in file "C:\Program Files (x86)\MSBuild\Microsoft.Cpp\v4.0\V140\Microsoft.CppBuild.targets" from project "C:\Users\Georgi\Source\Repos\AsteroidsAtHome\period_search_optimization_cpu_win\pscpu.vcxproj" (target "PrepareForBuild" depends on it):
     1>Done building target "GetResolvedWinMD" in project "pscpu.vcxproj".
     1>Target "PlatformPrepareForBuild" in file "C:\Program Files (x86)\MSBuild\Microsoft.Cpp\v4.0\V140\Microsoft.Cpp.Platform.targets" from project "C:\Users\Georgi\Source\Repos\AsteroidsAtHome\period_search_optimization_cpu_win\pscpu.vcxproj" (target "PrepareForBuild" depends on it):
       Task "VCMessage" skipped, due to false condition; ('$(_Error64bitToolsNotInstalled)' == 'true') was evaluated as ('' == 'true').
       Task "VCMessage" skipped, due to false condition; ('$(DesignTimeBuild)'!='true' and '$(_ToolsetFound)' != 'true' and '$(PlatformToolset)' == 'v110') was evaluated as (''!='true' and 'true' != 'true' and 'v140' == 'v110').
       Task "VCMessage" skipped, due to false condition; ('$(DesignTimeBuild)'!='true' and '$(_ToolsetFound)' != 'true' and '$(PlatformToolset)' == 'v100') was evaluated as (''!='true' and 'true' != 'true' and 'v140' == 'v100').
       Task "VCMessage" skipped, due to false condition; ('$(DesignTimeBuild)'!='true' and '$(_ToolsetFound)' != 'true' and '$(PlatformToolset)' == 'v90') was evaluated as (''!='true' and 'true' != 'true' and 'v140' == 'v90').
       Task "VCMessage" skipped, due to false condition; ('$(DesignTimeBuild)'!='true' and '$(_ToolsetFound)' != 'true' and '$(PlatformToolset)' != 'v90' and '$(PlatformToolset)' != 'v100' and '$(PlatformToolset)' != 'v110') was evaluated as (''!='true' and 'true' != 'true' and 'v140' != 'v90' and 'v140' != 'v100' and 'v140' != 'v110').
     1>Done building target "PlatformPrepareForBuild" in project "pscpu.vcxproj".
     1>Target "Desktop_PlatformPrepareForBuild" in file "C:\Program Files (x86)\MSBuild\Microsoft.Cpp\v4.0\V140\Platforms\x64\PlatformToolsets\v140\Toolset.targets" from project "C:\Users\Georgi\Source\Repos\AsteroidsAtHome\period_search_optimization_cpu_win\pscpu.vcxproj" (target "PrepareForBuild" depends on it):
       Task "VCMessage" skipped, due to false condition; ($(MissingSDKProps) == 'true') was evaluated as ( == 'true').
     1>Done building target "Desktop_PlatformPrepareForBuild" in project "pscpu.vcxproj".
       Target "GetFrameworkPaths" skipped. Previously built successfully.
       Target "GetReferenceAssemblyPaths" skipped. Previously built successfully.
       Target "AssignLinkMetadata" skipped, due to false condition; ( '$(SynthesizeLinkMetadata)' == 'true' ) was evaluated as ( '' == 'true' ).
     1>Target "SetCABuildNativeEnvironmentVariables" in file "C:\Program Files (x86)\MSBuild\Microsoft\VisualStudio\v14.0\CodeAnalysis\Microsoft.CodeAnalysis.targets" from project "C:\Users\Georgi\Source\Repos\AsteroidsAtHome\period_search_optimization_cpu_win\pscpu.vcxproj" (target "PrepareForBuild" depends on it):
       Initializing task factory "CodeTaskFactory" from assembly "C:\Program Files (x86)\MSBuild\14.0\bin\Microsoft.Build.Tasks.Core.dll".
       Using "SetEnvironmentVariable" task from the task factory "Code Task Factory".
       Task "SetEnvironmentVariable"
       Done executing task "SetEnvironmentVariable".
     1>Done building target "SetCABuildNativeEnvironmentVariables" in project "pscpu.vcxproj".
     1>Target "PrepareForBuild" in file "C:\Program Files (x86)\MSBuild\Microsoft.Cpp\v4.0\V140\Microsoft.CppBuild.targets" from project "C:\Users\Georgi\Source\Repos\AsteroidsAtHome\period_search_optimization_cpu_win\pscpu.vcxproj" (target "ResolveAssemblyReferences" depends on it):
       Task "VCMessage" skipped, due to false condition; ('$(DesignTimeBuild)' != 'true' and '$(ConfigurationPlatformExists)' != 'true') was evaluated as ('' != 'true' and 'true' != 'true').
       Using "MakeDir" task from assembly "Microsoft.Build.Tasks.Core, Version=14.0.0.0, Culture=neutral, PublicKeyToken=b03f5f7f11d50a3a".
       Task "MakeDir"
       Done executing task "MakeDir".
       Task "VCMessage" skipped, due to false condition; ('$(DesignTimeBuild)'!='true' and '$(WindowsAppContainer)'=='true' and '$(ConfigurationType)'!='Application' and '$(ConfigurationType)'!='DynamicLibrary' and '$(ConfigurationType)'!='StaticLibrary') was evaluated as (''!='true' and 'false'=='true' and 'Application'!='Application' and 'Application'!='DynamicLibrary' and 'Application'!='StaticLibrary').
       Task "VCMessage" skipped, due to false condition; ('$(DesignTimeBuild)'!='true' and '$(VCInstallDir)'=='' and '$(UseEnv)' != 'true' and ('$(TargetFrameworkVersion)'=='v3.5' or '$(TargetFrameworkVersion)'=='v3.0' or '$(TargetFrameworkVersion)'=='v2.0' )) was evaluated as (''!='true' and 'C:\Program Files (x86)\Microsoft Visual Studio 14.0\VC\'=='' and '' != 'true' and ('v4.0'=='v3.5' or 'v4.0'=='v3.0' or 'v4.0'=='v2.0' )).
       Task "VCMessage" skipped, due to false condition; ('$(DesignTimeBuild)'!='true' and '$(VCInstallDir)'=='' and '$(UseEnv)' != 'true' and '$(PlatformToolset)'=='v90') was evaluated as (''!='true' and 'C:\Program Files (x86)\Microsoft Visual Studio 14.0\VC\'=='' and '' != 'true' and 'v140'=='v90').
       Task "VCMessage" skipped, due to false condition; ('$(VCInstallDir)'=='' and '$(UseEnv)' != 'true') was evaluated as ('C:\Program Files (x86)\Microsoft Visual Studio 14.0\VC\'=='' and '' != 'true').
       Task "VCMessage" skipped, due to false condition; ('$(WindowsSDKDir)'=='' and '$(UseEnv)' != 'true') was evaluated as ('C:\Program Files (x86)\Windows Kits\8.1\'=='' and '' != 'true').
       Task "VCMessage" skipped, due to false condition; ('$(IntDirTrailingSlashWarning)'=='true') was evaluated as (''=='true').
       Task "VCMessage" skipped, due to false condition; ('$(OutDirTrailingSlashWarning)'=='true') was evaluated as (''=='true').
       Task "VCMessage" skipped, due to false condition; ('%(CompatibilityIssues.Identity)' != '' and '$(DesignTimeBuild)'!='true') was evaluated as ('' != '' and ''!='true').
       Task "VCMessage" skipped, due to false condition; ('$(_MBCS_Using)' == 'true' and '$(_MBCS_Installed)' != 'true' and '$(DesignTimeBuild)' != 'true') was evaluated as ('' == 'true' and '' != 'true' and '' != 'true').
       Task "VCMessage" skipped, due to false condition; ('$(IgnoreWarnIntDirSharingDetected)' != 'true' and '$(IntDirSharingDetected)' == 'true') was evaluated as ('' != 'true' and '' == 'true').
       Task "VCMessage" skipped, due to false condition; ('$(IgnoreWarnIntDirInTempDetected)' != 'true' and ('$(_IntDirFullpath.StartsWith($(Tmp), true, null))' == 'true' or '$(_IntDirFullpath.StartsWith($(Temp), true, null))' == 'true' or '$(_OutDirFullpath.StartsWith($(Tmp), true, null))' == 'true' or '$(_OutDirFullpath.StartsWith($(Temp), true, null))' == 'true')) was evaluated as ('' != 'true' and ('False' == 'true' or 'False' == 'true' or 'False' == 'true' or 'False' == 'true')).
       Task "MakeDir"
       Done executing task "MakeDir".
     1>Done building target "PrepareForBuild" in project "pscpu.vcxproj".
       Target "_PrepareForReferenceResolution" skipped. Previously built successfully.
       Target "ComputeCrtSDKReference" skipped, due to false condition; ('@(ClCompile)'!='' and '$(WindowsAppContainer)'=='true' and '$(UseCrtSDKReference)' != 'false') was evaluated as ('period_search\areanorm.c;period_search\blmatrix.c;period_search\bright.c;period_search\conv.c;period_search\covsrt.c;period_search\curv.c;period_search\dot_product.c;period_search\ellfit.c;period_search\gauss_errc.c;period_search\lubksb.c;period_search\ludcmp.c;period_search\matrix.c;period_search\memory.c;period_search\mrqcof.c;period_search\mrqmin.c;period_search\period_search_BOINC.cpp;period_search\phasec.c;period_search\sphfunc.c;period_search\trifac.c'!='' and 'false'=='true' and '' != 'false').
     1>Target "GetInstalledSDKLocations" in file "C:\Program Files (x86)\MSBuild\14.0\bin\Microsoft.Common.CurrentVersion.targets" from project "C:\Users\Georgi\Source\Repos\AsteroidsAtHome\period_search_optimization_cpu_win\pscpu.vcxproj" (target "ResolveSDKReferences" depends on it):
       Task "GetInstalledSDKLocations" skipped, due to false condition; ('@(SDKReference)' != '') was evaluated as ('' != '').
       Task "GetInstalledSDKLocations" skipped, due to false condition; ('@(SDKReference)' != '' and '$(SupportWindows81SDKs)' == 'true' and '$(TargetPlatformIdentifierWindows81)' != '' and '$(TargetPlatformVersionWindows81)' != '') was evaluated as ('' != '' and '' == 'true' and '' != '' and '' != '').
       Task "GetInstalledSDKLocations" skipped, due to false condition; ('@(SDKReference)' != '' and '$(SupportWindowsPhone81SDKs)' == 'true' and '$(TargetPlatformIdentifierWindowsPhone81)' != '' and '$(TargetPlatformVersionWindowsPhone81)' != '') was evaluated as ('' != '' and '' == 'true' and '' != '' and '' != '').
     1>Done building target "GetInstalledSDKLocations" in project "pscpu.vcxproj".
     1>Target "ModifyUnitTestPlatformVersion" in file "C:\Program Files (x86)\MSBuild\14.0\Microsoft.Common.targets\ImportBefore\Windows.8.1.UT_SDKReference.props" from project "C:\Users\Georgi\Source\Repos\AsteroidsAtHome\period_search_optimization_cpu_win\pscpu.vcxproj" (target "ResolveSDKReferences" depends on it):
     1>Done building target "ModifyUnitTestPlatformVersion" in project "pscpu.vcxproj".
     1>Target "ResolveSDKReferences" in file "C:\Program Files (x86)\MSBuild\14.0\bin\Microsoft.Common.CurrentVersion.targets" from project "C:\Users\Georgi\Source\Repos\AsteroidsAtHome\period_search_optimization_cpu_win\pscpu.vcxproj" (target "ResolveAssemblyReferences" depends on it):
       Task "ResolveSDKReference" skipped, due to false condition; ('@(SDKReference)'!='') was evaluated as (''!='').
     1>Done building target "ResolveSDKReferences" in project "pscpu.vcxproj".
       Target "ResolveSDKReferences" skipped. Previously built successfully.
     1>Target "ExpandSDKReferences" in file "C:\Program Files (x86)\MSBuild\14.0\bin\Microsoft.Common.CurrentVersion.targets" from project "C:\Users\Georgi\Source\Repos\AsteroidsAtHome\period_search_optimization_cpu_win\pscpu.vcxproj" (target "ResolveAssemblyReferences" depends on it):
       Task "GetSDKReferenceFiles" skipped, due to false condition; ('@(ResolvedSDKReference)'!='') was evaluated as (''!='').
     1>Done building target "ExpandSDKReferences" in project "pscpu.vcxproj".
       Target "ResolveNuGetPackageAssets" skipped, due to false condition; ('$(ResolveNuGetPackages)' == 'true' and exists('$(ProjectLockFile)')) was evaluated as ('true' == 'true' and exists('project.lock.json')).
       Target "FakesGenerateBeforeBuild" skipped, due to false condition; (@(Fakes) != '' AND $(BuildingProject)) was evaluated as ( != '' AND true).
     1>Target "ResolveAssemblyReferences" in file "C:\Program Files (x86)\MSBuild\14.0\bin\Microsoft.Common.CurrentVersion.targets" from project "C:\Users\Georgi\Source\Repos\AsteroidsAtHome\period_search_optimization_cpu_win\pscpu.vcxproj" (target "ResolveReferences" depends on it):
       Task "ResolveAssemblyReference" skipped, due to false condition; ('@(Reference)'!='' or '@(_ResolvedProjectReferencePaths)'!='' or '@(_ExplicitReference)' != '') was evaluated as (''!='' or ''!='' or '' != '').
     1>Done building target "ResolveAssemblyReferences" in project "pscpu.vcxproj".
       Target "GenerateBindingRedirects" skipped, due to false condition; ('$(AutoGenerateBindingRedirects)' == 'true' and '$(GenerateBindingRedirectsOutputType)' == 'true') was evaluated as ('' == 'true' and 'true' == 'true').
       Target "GenerateBindingRedirectsUpdateAppConfig" skipped, due to false condition; ('$(AutoGenerateBindingRedirects)' == 'true' and '$(GenerateBindingRedirectsOutputType)' == 'true' and Exists('$(_GenerateBindingRedirectsIntermediateAppConfig)')) was evaluated as ('' == 'true' and 'true' == 'true' and Exists('x64\Release\pscpu.vcxproj.pscpu.exe.config')).
       Target "ResolveComReferences" skipped, due to false condition; ('@(COMReference)'!='' or '@(COMFileReference)'!='') was evaluated as (''!='' or ''!='').
     1>Target "AfterResolveReferences" in file "C:\Program Files (x86)\MSBuild\14.0\bin\Microsoft.Common.CurrentVersion.targets" from project "C:\Users\Georgi\Source\Repos\AsteroidsAtHome\period_search_optimization_cpu_win\pscpu.vcxproj" (target "ResolveReferences" depends on it):
     1>Done building target "AfterResolveReferences" in project "pscpu.vcxproj".
       Target "ImplicitlyExpandDesignTimeFacades" skipped, due to false condition; ('$(ImplicitlyExpandDesignTimeFacades)' == 'true') was evaluated as ('' == 'true').
       Target "ResolveTestReferences" skipped, due to false condition; ('@(Shadow)'!='') was evaluated as (''!='').
     1>Target "ResolveReferences" in file "C:\Program Files (x86)\MSBuild\14.0\bin\Microsoft.Common.CurrentVersion.targets" from project "C:\Users\Georgi\Source\Repos\AsteroidsAtHome\period_search_optimization_cpu_win\pscpu.vcxproj" (target "Build" depends on it):
     1>Done building target "ResolveReferences" in project "pscpu.vcxproj".
       Target "PrepareForBuild" skipped. Previously built successfully.
       Target "PrepareForBuild" skipped. Previously built successfully.
     1>Target "InitializeBuildStatus" in file "C:\Program Files (x86)\MSBuild\Microsoft.Cpp\v4.0\V140\Microsoft.CppBuild.targets" from project "C:\Users\Georgi\Source\Repos\AsteroidsAtHome\period_search_optimization_cpu_win\pscpu.vcxproj" (target "Build" depends on it):
       Using "ReadLinesFromFile" task from assembly "Microsoft.Build.Tasks.Core, Version=14.0.0.0, Culture=neutral, PublicKeyToken=b03f5f7f11d50a3a".
       Task "ReadLinesFromFile"
       Done executing task "ReadLinesFromFile".
       Using "WriteLinesToFile" task from assembly "Microsoft.Build.Tasks.Core, Version=14.0.0.0, Culture=neutral, PublicKeyToken=b03f5f7f11d50a3a".
       Task "WriteLinesToFile"
       Done executing task "WriteLinesToFile".
       Using "Touch" task from assembly "Microsoft.Build.Tasks.Core, Version=14.0.0.0, Culture=neutral, PublicKeyToken=b03f5f7f11d50a3a".
       Task "Touch"
         Touching "x64\Release\pscpu.tlog\unsuccessfulbuild".
       Done executing task "Touch".
     1>Done building target "InitializeBuildStatus" in project "pscpu.vcxproj".
       Target "AssignProjectConfiguration" skipped. Previously built successfully.
       Target "_SplitProjectReferencesByFileExistence" skipped. Previously built successfully.
     1>Target "BuildGenerateSourcesTraverse" in file "C:\Program Files (x86)\MSBuild\14.0\bin\Microsoft.Common.CurrentVersion.targets" from project "C:\Users\Georgi\Source\Repos\AsteroidsAtHome\period_search_optimization_cpu_win\pscpu.vcxproj" (target "BuildGenerateSources" depends on it):
       Task "MSBuild" skipped, due to false condition; ('$(BuildPassReferences)' == 'true' and '@(ProjectReferenceWithConfiguration)' != '' and '@(_MSBuildProjectReferenceExistent)' != '' and '%(_MSBuildProjectReferenceExistent.BuildReference)' == 'true') was evaluated as ('' == 'true' and '' != '' and '' != '' and '' == 'true').
     1>Done building target "BuildGenerateSourcesTraverse" in project "pscpu.vcxproj".
       Target "PrepareForBuild" skipped. Previously built successfully.
       Target "ResolveReferences" skipped. Previously built successfully.
     1>Target "BeforeBuildGenerateSources" in file "C:\Program Files (x86)\MSBuild\Microsoft.Cpp\v4.0\V140\Microsoft.BuildSteps.Targets" from project "C:\Users\Georgi\Source\Repos\AsteroidsAtHome\period_search_optimization_cpu_win\pscpu.vcxproj" (target "_BuildGenerateSourcesAction" depends on it):
     1>Done building target "BeforeBuildGenerateSources" in project "pscpu.vcxproj".
     1>Target "PreBuildEvent" in file "C:\Program Files (x86)\MSBuild\Microsoft.Cpp\v4.0\V140\Microsoft.CppCommon.targets" from project "C:\Users\Georgi\Source\Repos\AsteroidsAtHome\period_search_optimization_cpu_win\pscpu.vcxproj" (target "_BuildGenerateSourcesAction" depends on it):
       Task "Message" skipped, due to false condition; ('%(PreBuildEvent.Message)' != '' and '%(PreBuildEvent.Command)' != '') was evaluated as ('' != '' and '' != '').
       Task "Exec" skipped, due to false condition; ('%(PreBuildEvent.Command)' != '') was evaluated as ('' != '').
     1>Done building target "PreBuildEvent" in project "pscpu.vcxproj".
       Target "CustomBuild" skipped, due to false condition; ('@(CustomBuild)' != '') was evaluated as ('' != '').
       Target "FxExport" skipped, due to false condition; ('@(FxCompile)' != '') was evaluated as ('' != '').
       Target "FxCompile" skipped, due to false condition; ('@(FxCompile)' != '') was evaluated as ('' != '').
       Target "Xsd" skipped, due to false condition; ('@(Xsd)' != '') was evaluated as ('' != '').
     1>Target "_Xsd" in file "C:\Program Files (x86)\MSBuild\Microsoft.Cpp\v4.0\V140\Microsoft.CppBuild.targets" from project "C:\Users\Georgi\Source\Repos\AsteroidsAtHome\period_search_optimization_cpu_win\pscpu.vcxproj" (target "_BuildGenerateSourcesAction" depends on it):
     1>Done building target "_Xsd" in project "pscpu.vcxproj".
     1>Target "MakeDirsForMidl" in file "C:\Program Files (x86)\MSBuild\Microsoft.Cpp\v4.0\V140\Microsoft.CppBuild.targets" from project "C:\Users\Georgi\Source\Repos\AsteroidsAtHome\period_search_optimization_cpu_win\pscpu.vcxproj" (target "_Midl" depends on it):
       Task "Makedir"
       Done executing task "Makedir".
     1>Done building target "MakeDirsForMidl" in project "pscpu.vcxproj".
       Target "Midl" skipped, due to false condition; ('@(Midl)' != '') was evaluated as ('' != '').
       Target "CustomBuild" skipped, due to false condition; ('@(CustomBuild)' != '') was evaluated as ('' != '').
       Target "FxExport" skipped, due to false condition; ('@(FxCompile)' != '') was evaluated as ('' != '').
       Target "FxCompile" skipped, due to false condition; ('@(FxCompile)' != '') was evaluated as ('' != '').
     1>Target "ComputeMIDLGeneratedCompileInputs" in file "C:\Program Files (x86)\MSBuild\Microsoft.Cpp\v4.0\V140\Microsoft.CppBuild.targets" from project "C:\Users\Georgi\Source\Repos\AsteroidsAtHome\period_search_optimization_cpu_win\pscpu.vcxproj" (target "_Midl" depends on it):
     1>Done building target "ComputeMIDLGeneratedCompileInputs" in project "pscpu.vcxproj".
     1>Target "AfterMidl" in file "C:\Program Files (x86)\MSBuild\Microsoft.Cpp\v4.0\V140\Microsoft.CppBuild.targets" from project "C:\Users\Georgi\Source\Repos\AsteroidsAtHome\period_search_optimization_cpu_win\pscpu.vcxproj" (target "_Midl" depends on it):
     1>Done building target "AfterMidl" in project "pscpu.vcxproj".
     1>Target "_Midl" in file "C:\Program Files (x86)\MSBuild\Microsoft.Cpp\v4.0\V140\Microsoft.CppBuild.targets" from project "C:\Users\Georgi\Source\Repos\AsteroidsAtHome\period_search_optimization_cpu_win\pscpu.vcxproj" (target "_BuildGenerateSourcesAction" depends on it):
     1>Done building target "_Midl" in project "pscpu.vcxproj".
     1>Target "AfterBuildGenerateSources" in file "C:\Program Files (x86)\MSBuild\Microsoft.Cpp\v4.0\V140\Microsoft.BuildSteps.Targets" from project "C:\Users\Georgi\Source\Repos\AsteroidsAtHome\period_search_optimization_cpu_win\pscpu.vcxproj" (target "_BuildGenerateSourcesAction" depends on it):
     1>Done building target "AfterBuildGenerateSources" in project "pscpu.vcxproj".
     1>Target "AfterBuildGenerateSourcesEvent" in file "C:\Program Files (x86)\MSBuild\Microsoft.Cpp\v4.0\V140\Microsoft.CppBuild.targets" from project "C:\Users\Georgi\Source\Repos\AsteroidsAtHome\period_search_optimization_cpu_win\pscpu.vcxproj" (target "_BuildGenerateSourcesAction" depends on it):
     1>Done building target "AfterBuildGenerateSourcesEvent" in project "pscpu.vcxproj".
     1>Target "_BuildGenerateSourcesAction" in file "C:\Program Files (x86)\MSBuild\Microsoft.Cpp\v4.0\V140\Microsoft.CppBuild.targets" from project "C:\Users\Georgi\Source\Repos\AsteroidsAtHome\period_search_optimization_cpu_win\pscpu.vcxproj" (target "BuildGenerateSources" depends on it):
     1>Done building target "_BuildGenerateSourcesAction" in project "pscpu.vcxproj".
     1>Target "BuildGenerateSources" in file "C:\Program Files (x86)\MSBuild\14.0\bin\Microsoft.Common.CurrentVersion.targets" from project "C:\Users\Georgi\Source\Repos\AsteroidsAtHome\period_search_optimization_cpu_win\pscpu.vcxproj" (target "Build" depends on it):
     1>Done building target "BuildGenerateSources" in project "pscpu.vcxproj".
       Target "AssignProjectConfiguration" skipped. Previously built successfully.
       Target "_SplitProjectReferencesByFileExistence" skipped. Previously built successfully.
     1>Target "BuildCompileTraverse" in file "C:\Program Files (x86)\MSBuild\14.0\bin\Microsoft.Common.CurrentVersion.targets" from project "C:\Users\Georgi\Source\Repos\AsteroidsAtHome\period_search_optimization_cpu_win\pscpu.vcxproj" (target "BuildCompile" depends on it):
       Task "MSBuild" skipped, due to false condition; ('$(BuildPassReferences)' == 'true' and '@(ProjectReferenceWithConfiguration)' != '' and '@(_MSBuildProjectReferenceExistent)' != ''  and '%(_MSBuildProjectReferenceExistent.BuildReference)' == 'true') was evaluated as ('' == 'true' and '' != '' and '' != ''  and '' == 'true').
     1>Done building target "BuildCompileTraverse" in project "pscpu.vcxproj".
       Target "PrepareForBuild" skipped. Previously built successfully.
       Target "ResolveReferences" skipped. Previously built successfully.
     1>Target "BeforeClCompile" in file "C:\Program Files (x86)\MSBuild\Microsoft.Cpp\v4.0\V140\Microsoft.CppBuild.targets" from project "C:\Users\Georgi\Source\Repos\AsteroidsAtHome\period_search_optimization_cpu_win\pscpu.vcxproj" (target "_ClCompile" depends on it):
     1>Done building target "BeforeClCompile" in project "pscpu.vcxproj".
       Target "ComputeMIDLGeneratedCompileInputs" skipped. Previously built successfully.
     1>Target "ComputeCLInputPDBName" in file "C:\Program Files (x86)\MSBuild\Microsoft.Cpp\v4.0\V140\Microsoft.CppBuild.targets" from project "C:\Users\Georgi\Source\Repos\AsteroidsAtHome\period_search_optimization_cpu_win\pscpu.vcxproj" (target "_ClCompile" depends on it):
     1>Done building target "ComputeCLInputPDBName" in project "pscpu.vcxproj".
       Target "ResolveReferences" skipped. Previously built successfully.
     1>Target "ComputeReferenceCLInput" in file "C:\Program Files (x86)\MSBuild\Microsoft.Cpp\v4.0\V140\Microsoft.CppBuild.targets" from project "C:\Users\Georgi\Source\Repos\AsteroidsAtHome\period_search_optimization_cpu_win\pscpu.vcxproj" (target "_ClCompile" depends on it):
       Task "WriteLinesToFile" skipped, due to false condition; (('@(_ReferenceCopyLocalPaths)'!='') and '$(DesignTimeBuild)' != 'true') was evaluated as ((''!='') and '' != 'true').
       Task "Message" skipped, due to false condition; ('$(_REFERENCE_DEBUG)'=='true') was evaluated as (''=='true').
     1>Done building target "ComputeReferenceCLInput" in project "pscpu.vcxproj".
     1>Target "WarnCompileDuplicatedFilename" in file "C:\Program Files (x86)\MSBuild\Microsoft.Cpp\v4.0\V140\Microsoft.CppBuild.targets" from project "C:\Users\Georgi\Source\Repos\AsteroidsAtHome\period_search_optimization_cpu_win\pscpu.vcxproj" (target "_ClCompile" depends on it):
       Task "VCMessage" skipped, due to false condition; ('%(ClCompile.ExcludedFromBuild)' != 'true' and '%(Filename)%(Extension)' != '@(ClCompile->'%(Filename)%(Extension)')' and '%(ObjectFileName)' == '@(ClCompile->Metadata(ObjectFileName)->Distinct())') was evaluated as ('' != 'true' and 'areanorm.c' != 'areanorm.c' and 'x64\Release\' == 'x64\Release\').
       Task "VCMessage" skipped, due to false condition; ('%(ClCompile.ExcludedFromBuild)' != 'true' and '%(Filename)%(Extension)' != '@(ClCompile->'%(Filename)%(Extension)')' and '%(ObjectFileName)' == '@(ClCompile->Metadata(ObjectFileName)->Distinct())') was evaluated as ('' != 'true' and 'blmatrix.c' != 'blmatrix.c' and 'x64\Release\' == 'x64\Release\').
       Task "VCMessage" skipped, due to false condition; ('%(ClCompile.ExcludedFromBuild)' != 'true' and '%(Filename)%(Extension)' != '@(ClCompile->'%(Filename)%(Extension)')' and '%(ObjectFileName)' == '@(ClCompile->Metadata(ObjectFileName)->Distinct())') was evaluated as ('' != 'true' and 'bright.c' != 'bright.c' and 'x64\Release\' == 'x64\Release\').
       Task "VCMessage" skipped, due to false condition; ('%(ClCompile.ExcludedFromBuild)' != 'true' and '%(Filename)%(Extension)' != '@(ClCompile->'%(Filename)%(Extension)')' and '%(ObjectFileName)' == '@(ClCompile->Metadata(ObjectFileName)->Distinct())') was evaluated as ('' != 'true' and 'conv.c' != 'conv.c' and 'x64\Release\' == 'x64\Release\').
       Task "VCMessage" skipped, due to false condition; ('%(ClCompile.ExcludedFromBuild)' != 'true' and '%(Filename)%(Extension)' != '@(ClCompile->'%(Filename)%(Extension)')' and '%(ObjectFileName)' == '@(ClCompile->Metadata(ObjectFileName)->Distinct())') was evaluated as ('' != 'true' and 'covsrt.c' != 'covsrt.c' and 'x64\Release\' == 'x64\Release\').
       Task "VCMessage" skipped, due to false condition; ('%(ClCompile.ExcludedFromBuild)' != 'true' and '%(Filename)%(Extension)' != '@(ClCompile->'%(Filename)%(Extension)')' and '%(ObjectFileName)' == '@(ClCompile->Metadata(ObjectFileName)->Distinct())') was evaluated as ('' != 'true' and 'curv.c' != 'curv.c' and 'x64\Release\' == 'x64\Release\').
       Task "VCMessage" skipped, due to false condition; ('%(ClCompile.ExcludedFromBuild)' != 'true' and '%(Filename)%(Extension)' != '@(ClCompile->'%(Filename)%(Extension)')' and '%(ObjectFileName)' == '@(ClCompile->Metadata(ObjectFileName)->Distinct())') was evaluated as ('' != 'true' and 'dot_product.c' != 'dot_product.c' and 'x64\Release\' == 'x64\Release\').
       Task "VCMessage" skipped, due to false condition; ('%(ClCompile.ExcludedFromBuild)' != 'true' and '%(Filename)%(Extension)' != '@(ClCompile->'%(Filename)%(Extension)')' and '%(ObjectFileName)' == '@(ClCompile->Metadata(ObjectFileName)->Distinct())') was evaluated as ('' != 'true' and 'ellfit.c' != 'ellfit.c' and 'x64\Release\' == 'x64\Release\').
       Task "VCMessage" skipped, due to false condition; ('%(ClCompile.ExcludedFromBuild)' != 'true' and '%(Filename)%(Extension)' != '@(ClCompile->'%(Filename)%(Extension)')' and '%(ObjectFileName)' == '@(ClCompile->Metadata(ObjectFileName)->Distinct())') was evaluated as ('' != 'true' and 'gauss_errc.c' != 'gauss_errc.c' and 'x64\Release\' == 'x64\Release\').
       Task "VCMessage" skipped, due to false condition; ('%(ClCompile.ExcludedFromBuild)' != 'true' and '%(Filename)%(Extension)' != '@(ClCompile->'%(Filename)%(Extension)')' and '%(ObjectFileName)' == '@(ClCompile->Metadata(ObjectFileName)->Distinct())') was evaluated as ('' != 'true' and 'lubksb.c' != 'lubksb.c' and 'x64\Release\' == 'x64\Release\').
       Task "VCMessage" skipped, due to false condition; ('%(ClCompile.ExcludedFromBuild)' != 'true' and '%(Filename)%(Extension)' != '@(ClCompile->'%(Filename)%(Extension)')' and '%(ObjectFileName)' == '@(ClCompile->Metadata(ObjectFileName)->Distinct())') was evaluated as ('' != 'true' and 'ludcmp.c' != 'ludcmp.c' and 'x64\Release\' == 'x64\Release\').
       Task "VCMessage" skipped, due to false condition; ('%(ClCompile.ExcludedFromBuild)' != 'true' and '%(Filename)%(Extension)' != '@(ClCompile->'%(Filename)%(Extension)')' and '%(ObjectFileName)' == '@(ClCompile->Metadata(ObjectFileName)->Distinct())') was evaluated as ('' != 'true' and 'matrix.c' != 'matrix.c' and 'x64\Release\' == 'x64\Release\').
       Task "VCMessage" skipped, due to false condition; ('%(ClCompile.ExcludedFromBuild)' != 'true' and '%(Filename)%(Extension)' != '@(ClCompile->'%(Filename)%(Extension)')' and '%(ObjectFileName)' == '@(ClCompile->Metadata(ObjectFileName)->Distinct())') was evaluated as ('' != 'true' and 'memory.c' != 'memory.c' and 'x64\Release\' == 'x64\Release\').
       Task "VCMessage" skipped, due to false condition; ('%(ClCompile.ExcludedFromBuild)' != 'true' and '%(Filename)%(Extension)' != '@(ClCompile->'%(Filename)%(Extension)')' and '%(ObjectFileName)' == '@(ClCompile->Metadata(ObjectFileName)->Distinct())') was evaluated as ('' != 'true' and 'mrqcof.c' != 'mrqcof.c' and 'x64\Release\' == 'x64\Release\').
       Task "VCMessage" skipped, due to false condition; ('%(ClCompile.ExcludedFromBuild)' != 'true' and '%(Filename)%(Extension)' != '@(ClCompile->'%(Filename)%(Extension)')' and '%(ObjectFileName)' == '@(ClCompile->Metadata(ObjectFileName)->Distinct())') was evaluated as ('' != 'true' and 'mrqmin.c' != 'mrqmin.c' and 'x64\Release\' == 'x64\Release\').
       Task "VCMessage" skipped, due to false condition; ('%(ClCompile.ExcludedFromBuild)' != 'true' and '%(Filename)%(Extension)' != '@(ClCompile->'%(Filename)%(Extension)')' and '%(ObjectFileName)' == '@(ClCompile->Metadata(ObjectFileName)->Distinct())') was evaluated as ('' != 'true' and 'period_search_BOINC.cpp' != 'period_search_BOINC.cpp' and 'x64\Release\' == 'x64\Release\').
       Task "VCMessage" skipped, due to false condition; ('%(ClCompile.ExcludedFromBuild)' != 'true' and '%(Filename)%(Extension)' != '@(ClCompile->'%(Filename)%(Extension)')' and '%(ObjectFileName)' == '@(ClCompile->Metadata(ObjectFileName)->Distinct())') was evaluated as ('' != 'true' and 'phasec.c' != 'phasec.c' and 'x64\Release\' == 'x64\Release\').
       Task "VCMessage" skipped, due to false condition; ('%(ClCompile.ExcludedFromBuild)' != 'true' and '%(Filename)%(Extension)' != '@(ClCompile->'%(Filename)%(Extension)')' and '%(ObjectFileName)' == '@(ClCompile->Metadata(ObjectFileName)->Distinct())') was evaluated as ('' != 'true' and 'sphfunc.c' != 'sphfunc.c' and 'x64\Release\' == 'x64\Release\').
       Task "VCMessage" skipped, due to false condition; ('%(ClCompile.ExcludedFromBuild)' != 'true' and '%(Filename)%(Extension)' != '@(ClCompile->'%(Filename)%(Extension)')' and '%(ObjectFileName)' == '@(ClCompile->Metadata(ObjectFileName)->Distinct())') was evaluated as ('' != 'true' and 'trifac.c' != 'trifac.c' and 'x64\Release\' == 'x64\Release\').
     1>Done building target "WarnCompileDuplicatedFilename" in project "pscpu.vcxproj".
     1>Target "FixupCLCompileOptions" in file "C:\Program Files (x86)\MSBuild\Microsoft.Cpp\v4.0\V140\Microsoft.CppCommon.targets" from project "C:\Users\Georgi\Source\Repos\AsteroidsAtHome\period_search_optimization_cpu_win\pscpu.vcxproj" (target "_ClCompile" depends on it):
     1>Done building target "FixupCLCompileOptions" in project "pscpu.vcxproj".
     1>Target "MakeDirsForCl" in file "C:\Program Files (x86)\MSBuild\Microsoft.Cpp\v4.0\V140\Microsoft.CppBuild.targets" from project "C:\Users\Georgi\Source\Repos\AsteroidsAtHome\period_search_optimization_cpu_win\pscpu.vcxproj" (target "_ClCompile" depends on it):
       Task "MakeDir"
       Done executing task "MakeDir".
     1>Done building target "MakeDirsForCl" in project "pscpu.vcxproj".
       Target "PrepareForBuild" skipped. Previously built successfully.
       Target "SetBuildDefaultEnvironmentVariables" skipped. Previously built successfully.
       Target "SetUserMacroEnvironmentVariables" skipped, due to false condition; ('@(BuildMacro)' != '' and '$(DesignTimeBuild)' != 'true') was evaluated as ('' != '' and '' != 'true').
     1>Target "_SelectedFiles" in file "C:\Program Files (x86)\MSBuild\Microsoft.Cpp\v4.0\V140\Microsoft.CppBuild.targets" from project "C:\Users\Georgi\Source\Repos\AsteroidsAtHome\period_search_optimization_cpu_win\pscpu.vcxproj" (target "SelectClCompile" depends on it):
     1>Done building target "_SelectedFiles" in project "pscpu.vcxproj".
       Target "ComputeMIDLGeneratedCompileInputs" skipped. Previously built successfully.
       Target "ComputeCLInputPDBName" skipped. Previously built successfully.
       Target "ComputeReferenceCLInput" skipped. Previously built successfully.
       Target "WarnCompileDuplicatedFilename" skipped. Previously built successfully.
       Target "FixupCLCompileOptions" skipped. Previously built successfully.
       Target "_SelectedFiles" skipped. Previously built successfully.
     1>Target "SelectCustomBuild" in file "C:\Program Files (x86)\MSBuild\Microsoft.Cpp\v4.0\V140\Microsoft.CppBuild.targets" from project "C:\Users\Georgi\Source\Repos\AsteroidsAtHome\period_search_optimization_cpu_win\pscpu.vcxproj" (target "SelectClCompile" depends on it):
     1>Done building target "SelectCustomBuild" in project "pscpu.vcxproj".
     1>Target "SelectClCompile" in file "C:\Program Files (x86)\MSBuild\Microsoft.Cpp\v4.0\V140\Microsoft.CppBuild.targets" from project "C:\Users\Georgi\Source\Repos\AsteroidsAtHome\period_search_optimization_cpu_win\pscpu.vcxproj" (target "ClCompile" depends on it):
     1>Done building target "SelectClCompile" in project "pscpu.vcxproj".
       Target "GenerateTargetFrameworkMonikerAttribute" skipped, due to false condition; ('$(GenerateTargetFrameworkAttribute)' == 'true') was evaluated as ('false' == 'true').
       Target "ManagedIncrementalBuildPreProcessDependencyGraph" skipped, due to false condition; ('@(ClCompile)' != '' and '$(EnableManagedIncrementalBuild)' == 'True') was evaluated as ('period_search\areanorm.c;period_search\blmatrix.c;period_search\bright.c;period_search\conv.c;period_search\covsrt.c;period_search\curv.c;period_search\dot_product.c;period_search\ellfit.c;period_search\gauss_errc.c;period_search\lubksb.c;period_search\ludcmp.c;period_search\matrix.c;period_search\memory.c;period_search\mrqcof.c;period_search\mrqmin.c;period_search\period_search_BOINC.cpp;period_search\phasec.c;period_search\sphfunc.c;period_search\trifac.c' != '' and 'false' == 'True').
     1>Target "ClCompile" in file "C:\Program Files (x86)\MSBuild\Microsoft.Cpp\v4.0\V140\Microsoft.CppCommon.targets" from project "C:\Users\Georgi\Source\Repos\AsteroidsAtHome\period_search_optimization_cpu_win\pscpu.vcxproj" (target "_ClCompile" depends on it):
       Using "Delete" task from assembly "Microsoft.Build.Tasks.Core, Version=14.0.0.0, Culture=neutral, PublicKeyToken=b03f5f7f11d50a3a".
       Task "Delete"
       Done executing task "Delete".
       Task "CL" skipped, due to false condition; ('%(ClCompile.PrecompiledHeader)' == 'Create' and '%(ClCompile.ExcludedFromBuild)'!='true' and '%(ClCompile.CompilerIteration)' == '') was evaluated as ('' == 'Create' and ''!='true' and '' == '').
       Using "CL" task from assembly "C:\Program Files (x86)\MSBuild\Microsoft.Cpp\v4.0\V140\Microsoft.Build.CppTasks.Common.dll".
       Task "CL"
         Forcing recompile of all source files due to missing PDB "x64\Release\vc140.pdb".
         Environment Variables passed to tool:
           VS_UNICODE_OUTPUT=1096
         C:\Program Files (x86)\Microsoft Visual Studio 14.0\VC\bin\x86_amd64\CL.exe /c /IC:\boinc\lib /IC:\boinc\api /Zi /nologo /W3 /WX- /O2 /Ob2 /Oi /Ot /Oy /GL /D _USE_MATH_DEFINES /D _CRT_SECURE_NO_WARNINGS /D WIN32 /D NDEBUG /D _WINDOWS /Gm- /EHsc /MT /GS /Gy /fp:precise /Zc:wchar_t /Zc:forScope /Zc:inline /Fo"x64\Release\\" /Fd"x64\Release\vc140.pdb" /Gd /TP /errorReport:prompt period_search\areanorm.c period_search\blmatrix.c period_search\bright.c period_search\conv.c period_search\covsrt.c period_search\curv.c period_search\dot_product.c period_search\ellfit.c period_search\gauss_errc.c period_search\lubksb.c period_search\ludcmp.c period_search\matrix.c period_search\memory.c period_search\mrqcof.c period_search\mrqmin.c period_search\period_search_BOINC.cpp period_search\phasec.c period_search\sphfunc.c period_search\trifac.c
         Tracking command:
         C:\Program Files (x86)\MSBuild\14.0\bin\Tracker.exe /d "C:\Program Files (x86)\MSBuild\14.0\bin\FileTracker32.dll" /i C:\Users\Georgi\Source\Repos\AsteroidsAtHome\period_search_optimization_cpu_win\x64\Release\pscpu.tlog /r "C:\USERS\GEORGI\SOURCE\REPOS\ASTEROIDSATHOME\PERIOD_SEARCH_OPTIMIZATION_CPU_WIN\PERIOD_SEARCH\AREANORM.C|C:\USERS\GEORGI\SOURCE\REPOS\ASTEROIDSATHOME\PERIOD_SEARCH_OPTIMIZATION_CPU_WIN\PERIOD_SEARCH\BLMATRIX.C|C:\USERS\GEORGI\SOURCE\REPOS\ASTEROIDSATHOME\PERIOD_SEARCH_OPTIMIZATION_CPU_WIN\PERIOD_SEARCH\BRIGHT.C|C:\USERS\GEORGI\SOURCE\REPOS\ASTEROIDSATHOME\PERIOD_SEARCH_OPTIMIZATION_CPU_WIN\PERIOD_SEARCH\CONV.C|C:\USERS\GEORGI\SOURCE\REPOS\ASTEROIDSATHOME\PERIOD_SEARCH_OPTIMIZATION_CPU_WIN\PERIOD_SEARCH\COVSRT.C|C:\USERS\GEORGI\SOURCE\REPOS\ASTEROIDSATHOME\PERIOD_SEARCH_OPTIMIZATION_CPU_WIN\PERIOD_SEARCH\CURV.C|C:\USERS\GEORGI\SOURCE\REPOS\ASTEROIDSATHOME\PERIOD_SEARCH_OPTIMIZATION_CPU_WIN\PERIOD_SEARCH\DOT_PRODUCT.C|C:\USERS\GEORGI\SOURCE\REPOS\ASTEROIDSATHOME\PERIOD_SEARCH_OPTIMIZATION_CPU_WIN\PERIOD_SEARCH\ELLFIT.C|C:\USERS\GEORGI\SOURCE\REPOS\ASTEROIDSATHOME\PERIOD_SEARCH_OPTIMIZATION_CPU_WIN\PERIOD_SEARCH\GAUSS_ERRC.C|C:\USERS\GEORGI\SOURCE\REPOS\ASTEROIDSATHOME\PERIOD_SEARCH_OPTIMIZATION_CPU_WIN\PERIOD_SEARCH\LUBKSB.C|C:\USERS\GEORGI\SOURCE\REPOS\ASTEROIDSATHOME\PERIOD_SEARCH_OPTIMIZATION_CPU_WIN\PERIOD_SEARCH\LUDCMP.C|C:\USERS\GEORGI\SOURCE\REPOS\ASTEROIDSATHOME\PERIOD_SEARCH_OPTIMIZATION_CPU_WIN\PERIOD_SEARCH\MATRIX.C|C:\USERS\GEORGI\SOURCE\REPOS\ASTEROIDSATHOME\PERIOD_SEARCH_OPTIMIZATION_CPU_WIN\PERIOD_SEARCH\MEMORY.C|C:\USERS\GEORGI\SOURCE\REPOS\ASTEROIDSATHOME\PERIOD_SEARCH_OPTIMIZATION_CPU_WIN\PERIOD_SEARCH\MRQCOF.C|C:\USERS\GEORGI\SOURCE\REPOS\ASTEROIDSATHOME\PERIOD_SEARCH_OPTIMIZATION_CPU_WIN\PERIOD_SEARCH\MRQMIN.C|C:\USERS\GEORGI\SOURCE\REPOS\ASTEROIDSATHOME\PERIOD_SEARCH_OPTIMIZATION_CPU_WIN\PERIOD_SEARCH\PERIOD_SEARCH_BOINC.CPP|C:\USERS\GEORGI\SOURCE\REPOS\ASTEROIDSATHOME\PERIOD_SEARCH_OPTIMIZATION_CPU_WIN\PERIOD_SEARCH\PHASEC.C|C:\USERS\GEORGI\SOURCE\REPOS\ASTEROIDSATHOME\PERIOD_SEARCH_OPTIMIZATION_CPU_WIN\PERIOD_SEARCH\SPHFUNC.C|C:\USERS\GEORGI\SOURCE\REPOS\ASTEROIDSATHOME\PERIOD_SEARCH_OPTIMIZATION_CPU_WIN\PERIOD_SEARCH\TRIFAC.C" /b MSBuildConsole_CancelEvent479e9be104de408eaaa13911c7f28e80  /c "C:\Program Files (x86)\Microsoft Visual Studio 14.0\VC\bin\x86_amd64\CL.exe"  /c /IC:\boinc\lib /IC:\boinc\api /Zi /nologo /W3 /WX- /O2 /Ob2 /Oi /Ot /Oy /GL /D _USE_MATH_DEFINES /D _CRT_SECURE_NO_WARNINGS /D WIN32 /D NDEBUG /D _WINDOWS /Gm- /EHsc /MT /GS /Gy /fp:precise /Zc:wchar_t /Zc:forScope /Zc:inline /Fo"x64\Release\\" /Fd"x64\Release\vc140.pdb" /Gd /TP /errorReport:prompt period_search\areanorm.c period_search\blmatrix.c period_search\bright.c period_search\conv.c period_search\covsrt.c period_search\curv.c period_search\dot_product.c period_search\ellfit.c period_search\gauss_errc.c period_search\lubksb.c period_search\ludcmp.c period_search\matrix.c period_search\memory.c period_search\mrqcof.c period_search\mrqmin.c period_search\period_search_BOINC.cpp period_search\phasec.c period_search\sphfunc.c period_search\trifac.c
         areanorm.c
         blmatrix.c
         bright.c
         conv.c
         covsrt.c
         curv.c
         dot_product.c
         ellfit.c
         gauss_errc.c
         lubksb.c
         ludcmp.c
         matrix.c
         memory.c
         mrqcof.c
         mrqmin.c
         period_search_BOINC.cpp
         phasec.c
         sphfunc.c
         trifac.c
       Done executing task "CL".
     1>Done building target "ClCompile" in project "pscpu.vcxproj".
       Target "ManagedIncrementalBuildPostProcessDependencyGraph" skipped, due to false condition; ('@(ClCompile)' != '' and '$(EnableManagedIncrementalBuild)' == 'True') was evaluated as ('period_search\areanorm.c;period_search\blmatrix.c;period_search\bright.c;period_search\conv.c;period_search\covsrt.c;period_search\curv.c;period_search\dot_product.c;period_search\ellfit.c;period_search\gauss_errc.c;period_search\lubksb.c;period_search\ludcmp.c;period_search\matrix.c;period_search\memory.c;period_search\mrqcof.c;period_search\mrqmin.c;period_search\period_search_BOINC.cpp;period_search\phasec.c;period_search\sphfunc.c;period_search\trifac.c' != '' and 'false' == 'True').
     1>Target "AfterClCompile" in file "C:\Program Files (x86)\MSBuild\Microsoft.Cpp\v4.0\V140\Microsoft.CppBuild.targets" from project "C:\Users\Georgi\Source\Repos\AsteroidsAtHome\period_search_optimization_cpu_win\pscpu.vcxproj" (target "_ClCompile" depends on it):
     1>Done building target "AfterClCompile" in project "pscpu.vcxproj".
     1>Target "_ClCompile" in file "C:\Program Files (x86)\MSBuild\Microsoft.Cpp\v4.0\V140\Microsoft.CppBuild.targets" from project "C:\Users\Georgi\Source\Repos\AsteroidsAtHome\period_search_optimization_cpu_win\pscpu.vcxproj" (target "_BuildCompileAction" depends on it):
     1>Done building target "_ClCompile" in project "pscpu.vcxproj".
       Target "_ResGen" skipped, due to false condition; ('@(EmbeddedResource)'!='') was evaluated as (''!='').
     1>Target "BeforeResourceCompile" in file "C:\Program Files (x86)\MSBuild\Microsoft.Cpp\v4.0\V140\Microsoft.CppBuild.targets" from project "C:\Users\Georgi\Source\Repos\AsteroidsAtHome\period_search_optimization_cpu_win\pscpu.vcxproj" (target "_ResourceCompile" depends on it):
     1>Done building target "BeforeResourceCompile" in project "pscpu.vcxproj".
     1>Target "MakeDirsForResourceCompile" in file "C:\Program Files (x86)\MSBuild\Microsoft.Cpp\v4.0\V140\Microsoft.CppBuild.targets" from project "C:\Users\Georgi\Source\Repos\AsteroidsAtHome\period_search_optimization_cpu_win\pscpu.vcxproj" (target "_ResourceCompile" depends on it):
       Task "MakeDir"
       Done executing task "MakeDir".
     1>Done building target "MakeDirsForResourceCompile" in project "pscpu.vcxproj".
       Target "ResourceCompile" skipped, due to false condition; ('@(ResourceCompile)' != '') was evaluated as ('' != '').
     1>Target "AfterResourceCompile" in file "C:\Program Files (x86)\MSBuild\Microsoft.Cpp\v4.0\V140\Microsoft.CppBuild.targets" from project "C:\Users\Georgi\Source\Repos\AsteroidsAtHome\period_search_optimization_cpu_win\pscpu.vcxproj" (target "_ResourceCompile" depends on it):
     1>Done building target "AfterResourceCompile" in project "pscpu.vcxproj".
     1>Target "_ResourceCompile" in file "C:\Program Files (x86)\MSBuild\Microsoft.Cpp\v4.0\V140\Microsoft.CppBuild.targets" from project "C:\Users\Georgi\Source\Repos\AsteroidsAtHome\period_search_optimization_cpu_win\pscpu.vcxproj" (target "_BuildCompileAction" depends on it):
     1>Done building target "_ResourceCompile" in project "pscpu.vcxproj".
       Target "_ImpLib" skipped, due to false condition; ('$(ImpLibCompiled)' == 'true') was evaluated as ('' == 'true').
       Target "_Lib" skipped, due to false condition; ('$(LibCompiled)' == 'true') was evaluated as ('' == 'true').
     1>Target "AfterBuildCompileEvent" in file "C:\Program Files (x86)\MSBuild\Microsoft.Cpp\v4.0\V140\Microsoft.CppBuild.targets" from project "C:\Users\Georgi\Source\Repos\AsteroidsAtHome\period_search_optimization_cpu_win\pscpu.vcxproj" (target "_BuildCompileAction" depends on it):
     1>Done building target "AfterBuildCompileEvent" in project "pscpu.vcxproj".
     1>Target "_BuildCompileAction" in file "C:\Program Files (x86)\MSBuild\Microsoft.Cpp\v4.0\V140\Microsoft.CppBuild.targets" from project "C:\Users\Georgi\Source\Repos\AsteroidsAtHome\period_search_optimization_cpu_win\pscpu.vcxproj" (target "BuildCompile" depends on it):
     1>Done building target "_BuildCompileAction" in project "pscpu.vcxproj".
     1>Target "BuildCompile" in file "C:\Program Files (x86)\MSBuild\14.0\bin\Microsoft.Common.CurrentVersion.targets" from project "C:\Users\Georgi\Source\Repos\AsteroidsAtHome\period_search_optimization_cpu_win\pscpu.vcxproj" (target "Build" depends on it):
     1>Done building target "BuildCompile" in project "pscpu.vcxproj".
       Target "AssignProjectConfiguration" skipped. Previously built successfully.
       Target "_SplitProjectReferencesByFileExistence" skipped. Previously built successfully.
     1>Target "BuildLinkTraverse" in file "C:\Program Files (x86)\MSBuild\14.0\bin\Microsoft.Common.CurrentVersion.targets" from project "C:\Users\Georgi\Source\Repos\AsteroidsAtHome\period_search_optimization_cpu_win\pscpu.vcxproj" (target "BuildLink" depends on it):
       Task "MSBuild" skipped, due to false condition; ('$(BuildPassReferences)' == 'true' and '@(ProjectReferenceWithConfiguration)' != '' and '@(_MSBuildProjectReferenceExistent)' != ''  and '%(_MSBuildProjectReferenceExistent.BuildReference)' == 'true') was evaluated as ('' == 'true' and '' != '' and '' != ''  and '' == 'true').
     1>Done building target "BuildLinkTraverse" in project "pscpu.vcxproj".
       Target "PrepareForBuild" skipped. Previously built successfully.
       Target "ResolveReferences" skipped. Previously built successfully.
     1>Target "ComputeLegacyManifestEmbedding" in file "C:\Program Files (x86)\MSBuild\Microsoft.Cpp\v4.0\V140\Microsoft.CppBuild.targets" from project "C:\Users\Georgi\Source\Repos\AsteroidsAtHome\period_search_optimization_cpu_win\pscpu.vcxproj" (target "_BuildLinkAction" depends on it):
       Task "VCMessage" skipped, due to false condition; ('$(RevertManifestEmbedding)' == 'true' and '$(_LegacyManifestEmbeddingDebug)' == 'true') was evaluated as ('' == 'true' and '' == 'true').
     1>Done building target "ComputeLegacyManifestEmbedding" in project "pscpu.vcxproj".
     1>Target "BeforeLink" in file "C:\Program Files (x86)\MSBuild\Microsoft.Cpp\v4.0\V140\Microsoft.CppBuild.targets" from project "C:\Users\Georgi\Source\Repos\AsteroidsAtHome\period_search_optimization_cpu_win\pscpu.vcxproj" (target "_Link" depends on it):
     1>Done building target "BeforeLink" in project "pscpu.vcxproj".
     1>Target "ComputeRCOutputs" in file "C:\Program Files (x86)\MSBuild\Microsoft.Cpp\v4.0\V140\Microsoft.CppBuild.targets" from project "C:\Users\Georgi\Source\Repos\AsteroidsAtHome\period_search_optimization_cpu_win\pscpu.vcxproj" (target "ComputeRCGeneratedLinkInputs" depends on it):
     1>Done building target "ComputeRCOutputs" in project "pscpu.vcxproj".
     1>Target "ComputeRCGeneratedLinkInputs" in file "C:\Program Files (x86)\MSBuild\Microsoft.Cpp\v4.0\V140\Microsoft.CppBuild.targets" from project "C:\Users\Georgi\Source\Repos\AsteroidsAtHome\period_search_optimization_cpu_win\pscpu.vcxproj" (target "_Link" depends on it):
     1>Done building target "ComputeRCGeneratedLinkInputs" in project "pscpu.vcxproj".
     1>Target "ComputeManifestGeneratedLinkerInputs" in file "C:\Program Files (x86)\MSBuild\Microsoft.Cpp\v4.0\V140\Microsoft.CppBuild.targets" from project "C:\Users\Georgi\Source\Repos\AsteroidsAtHome\period_search_optimization_cpu_win\pscpu.vcxproj" (target "_Link" depends on it):
     1>Done building target "ComputeManifestGeneratedLinkerInputs" in project "pscpu.vcxproj".
     1>Target "ComputeCustomBuildOutput" in file "C:\Program Files (x86)\MSBuild\Microsoft.Cpp\v4.0\V140\Microsoft.CppBuild.targets" from project "C:\Users\Georgi\Source\Repos\AsteroidsAtHome\period_search_optimization_cpu_win\pscpu.vcxproj" (target "_Link" depends on it):
       Task "CreateItem" skipped, due to false condition; ('%(CustomBuildDirsToMake.OutputFileToTool)'!='') was evaluated as (''!='').
       Task "MakeDir"
       Done executing task "MakeDir".
     1>Done building target "ComputeCustomBuildOutput" in project "pscpu.vcxproj".
       Target "ComputeMIDLGeneratedCompileInputs" skipped. Previously built successfully.
       Target "ComputeCLInputPDBName" skipped. Previously built successfully.
       Target "ComputeReferenceCLInput" skipped. Previously built successfully.
       Target "WarnCompileDuplicatedFilename" skipped. Previously built successfully.
       Target "FixupCLCompileOptions" skipped. Previously built successfully.
     1>Target "ComputeCLOutputs" in file "C:\Program Files (x86)\MSBuild\Microsoft.Cpp\v4.0\V140\Microsoft.CppBuild.targets" from project "C:\Users\Georgi\Source\Repos\AsteroidsAtHome\period_search_optimization_cpu_win\pscpu.vcxproj" (target "ComputeCLGeneratedLinkInputs" depends on it):
     1>Done building target "ComputeCLOutputs" in project "pscpu.vcxproj".
     1>Target "ComputeCLGeneratedLinkInputs" in file "C:\Program Files (x86)\MSBuild\Microsoft.Cpp\v4.0\V140\Microsoft.CppBuild.targets" from project "C:\Users\Georgi\Source\Repos\AsteroidsAtHome\period_search_optimization_cpu_win\pscpu.vcxproj" (target "_Link" depends on it):
     1>Done building target "ComputeCLGeneratedLinkInputs" in project "pscpu.vcxproj".
     1>Target "ComputeLinkInputsFromProject" in file "C:\Program Files (x86)\MSBuild\Microsoft.Cpp\v4.0\V140\Microsoft.CppBuild.targets" from project "C:\Users\Georgi\Source\Repos\AsteroidsAtHome\period_search_optimization_cpu_win\pscpu.vcxproj" (target "_Link" depends on it):
     1>Done building target "ComputeLinkInputsFromProject" in project "pscpu.vcxproj".
       Target "ComputeReferenceLinkInputs" skipped, due to false condition; (@(ProjectReference) != '') was evaluated as ( != '').
     1>Target "ComputeManifestInputsTargets" in file "C:\Program Files (x86)\MSBuild\Microsoft.Cpp\v4.0\V140\Microsoft.CppBuild.targets" from project "C:\Users\Georgi\Source\Repos\AsteroidsAtHome\period_search_optimization_cpu_win\pscpu.vcxproj" (target "_Link" depends on it):
     1>Done building target "ComputeManifestInputsTargets" in project "pscpu.vcxproj".
       Target "ManifestResourceCompile" skipped, due to false condition; ('$(EmbedManifestBy)' == 'LINK' and '@(Manifest)' != '') was evaluated as ('MT' == 'LINK' and '' != '').
       Target "AssignWinFXEmbeddedResource" skipped, due to false condition; ('@(WinFXEmbeddedResource)' != '') was evaluated as ('' != '').
     1>Target "AssignTargetPaths" in file "C:\Program Files (x86)\MSBuild\14.0\bin\Microsoft.Common.CurrentVersion.targets" from project "C:\Users\Georgi\Source\Repos\AsteroidsAtHome\period_search_optimization_cpu_win\pscpu.vcxproj" (target "PrepareResourceNames" depends on it):
       Using "AssignTargetPath" task from assembly "Microsoft.Build.Tasks.Core, Version=14.0.0.0, Culture=neutral, PublicKeyToken=b03f5f7f11d50a3a".
       Task "AssignTargetPath"
       Done executing task "AssignTargetPath".
       Task "AssignTargetPath"
       Done executing task "AssignTargetPath".
       Task "AssignTargetPath"
       Done executing task "AssignTargetPath".
       Task "AssignTargetPath"
       Done executing task "AssignTargetPath".
       Task "AssignTargetPath" skipped, due to false condition; ('@(_DeploymentBaseManifestWithTargetPath)'=='' and '%(None.Extension)'=='.manifest') was evaluated as (''=='' and ''=='.manifest').
     1>Done building target "AssignTargetPaths" in project "pscpu.vcxproj".
       Target "AssignTargetPaths" skipped. Previously built successfully.
     1>Target "SplitResourcesByCulture" in file "C:\Program Files (x86)\MSBuild\14.0\bin\Microsoft.Common.CurrentVersion.targets" from project "C:\Users\Georgi\Source\Repos\AsteroidsAtHome\period_search_optimization_cpu_win\pscpu.vcxproj" (target "PrepareResourceNames" depends on it):
       Task "Warning" skipped, due to false condition; ('@(ResxWithNoCulture)'!='') was evaluated as (''!='').
       Task "Warning" skipped, due to false condition; ('@(ResxWithCulture)'!='') was evaluated as (''!='').
       Task "Warning" skipped, due to false condition; ('@(NonResxWithCulture)'!='') was evaluated as (''!='').
       Task "Warning" skipped, due to false condition; ('@(NonResxWithNoCulture)'!='') was evaluated as (''!='').
       Using "AssignCulture" task from assembly "Microsoft.Build.Tasks.Core, Version=14.0.0.0, Culture=neutral, PublicKeyToken=b03f5f7f11d50a3a".
       Task "AssignCulture"
       Done executing task "AssignCulture".
     1>Done building target "SplitResourcesByCulture" in project "pscpu.vcxproj".
       Target "CreateManifestResourceNames" skipped, due to false condition; ('@(EmbeddedResource)' != '') was evaluated as ('' != '').
     1>Target "CreateCustomManifestResourceNames" in file "C:\Program Files (x86)\MSBuild\14.0\bin\Microsoft.Common.CurrentVersion.targets" from project "C:\Users\Georgi\Source\Repos\AsteroidsAtHome\period_search_optimization_cpu_win\pscpu.vcxproj" (target "PrepareResourceNames" depends on it):
     1>Done building target "CreateCustomManifestResourceNames" in project "pscpu.vcxproj".
     1>Target "PrepareResourceNames" in file "C:\Program Files (x86)\MSBuild\14.0\bin\Microsoft.Common.CurrentVersion.targets" from project "C:\Users\Georgi\Source\Repos\AsteroidsAtHome\period_search_optimization_cpu_win\pscpu.vcxproj" (target "_Link" depends on it):
     1>Done building target "PrepareResourceNames" in project "pscpu.vcxproj".
     1>Target "MakeDirsForLink" in file "C:\Program Files (x86)\MSBuild\Microsoft.Cpp\v4.0\V140\Microsoft.CppBuild.targets" from project "C:\Users\Georgi\Source\Repos\AsteroidsAtHome\period_search_optimization_cpu_win\pscpu.vcxproj" (target "_Link" depends on it):
       Task "MakeDir"
       Done executing task "MakeDir".
     1>Done building target "MakeDirsForLink" in project "pscpu.vcxproj".
     1>Target "DoLinkOutputFilesMatch" in file "C:\Program Files (x86)\MSBuild\Microsoft.Cpp\v4.0\V140\Microsoft.CppBuild.targets" from project "C:\Users\Georgi\Source\Repos\AsteroidsAtHome\period_search_optimization_cpu_win\pscpu.vcxproj" (target "_Link" depends on it):
       Task "VCMessage" skipped, due to false condition; ('@(_OutputFileFromLink)' == '') was evaluated as ('C:\Users\Georgi\Source\Repos\AsteroidsAtHome\period_search_optimization_cpu_win\x64\Release\pscpu.exe' == '').
       Task "VCMessage" skipped, due to false condition; ('@(_OutputFileFromLink)' != '' and '%(_OutputFileFromLink.FullPath)' != '$([System.IO.Path]::GetFullPath($(TargetPath)))') was evaluated as ('C:\Users\Georgi\Source\Repos\AsteroidsAtHome\period_search_optimization_cpu_win\x64\Release\pscpu.exe' != '' and 'C:\Users\Georgi\Source\Repos\AsteroidsAtHome\period_search_optimization_cpu_win\x64\Release\pscpu.exe' != 'C:\Users\Georgi\Source\Repos\AsteroidsAtHome\period_search_optimization_cpu_win\x64\Release\pscpu.exe').
       Task "VCMessage" skipped, due to false condition; ('@(_OutputFileFromLink)' != '' and '%(_OutputFileFromLink.Extension)' != '' and '%(_OutputFileFromLink.Extension)' != '$(TargetExt)') was evaluated as ('C:\Users\Georgi\Source\Repos\AsteroidsAtHome\period_search_optimization_cpu_win\x64\Release\pscpu.exe' != '' and '.exe' != '' and '.exe' != '.exe').
       Task "VCMessage" skipped, due to false condition; ('@(_OutputFileFromLink)' != '' and '%(_OutputFileFromLink.Filename)' != '' and '%(_OutputFileFromLink.Filename)' != '$(TargetName)') was evaluated as ('C:\Users\Georgi\Source\Repos\AsteroidsAtHome\period_search_optimization_cpu_win\x64\Release\pscpu.exe' != '' and 'pscpu' != '' and 'pscpu' != 'pscpu').
       Task "VCMessage" skipped, due to false condition; ('%(Link.MinimumRequiredVersion)' != '' and ('%(Link.Subsystem)' == '' or '%(Link.Subsystem)' == 'NotSet')) was evaluated as ('' != '' and ('Windows' == '' or 'Windows' == 'NotSet')).
     1>Done building target "DoLinkOutputFilesMatch" in project "pscpu.vcxproj".
     1>Target "PreLinkEvent" in file "C:\Program Files (x86)\MSBuild\Microsoft.Cpp\v4.0\V140\Microsoft.CppCommon.targets" from project "C:\Users\Georgi\Source\Repos\AsteroidsAtHome\period_search_optimization_cpu_win\pscpu.vcxproj" (target "_Link" depends on it):
       Task "Message" skipped, due to false condition; ('%(PreLinkEvent.Message)' != '' and '%(PreLinkEvent.Command)' != '') was evaluated as ('' != '' and '' != '').
       Task "Exec" skipped, due to false condition; ('%(PreLinkEvent.Command)' != '') was evaluated as ('' != '').
     1>Done building target "PreLinkEvent" in project "pscpu.vcxproj".
     1>Target "ComputeLinkSwitches" in file "C:\Program Files (x86)\MSBuild\Microsoft.Cpp\v4.0\V140\Microsoft.CppCommon.targets" from project "C:\Users\Georgi\Source\Repos\AsteroidsAtHome\period_search_optimization_cpu_win\pscpu.vcxproj" (target "Link" depends on it):
     1>Done building target "ComputeLinkSwitches" in project "pscpu.vcxproj".
     1>Target "Link" in file "C:\Program Files (x86)\MSBuild\Microsoft.Cpp\v4.0\V140\Microsoft.CppCommon.targets" from project "C:\Users\Georgi\Source\Repos\AsteroidsAtHome\period_search_optimization_cpu_win\pscpu.vcxproj" (target "_Link" depends on it):
       Using "Link" task from assembly "C:\Program Files (x86)\MSBuild\Microsoft.Cpp\v4.0\V140\Microsoft.Build.CppTasks.Common.dll".
       Task "Link"
         Forcing rebuild of all source files due to missing command TLog "C:\Users\Georgi\Source\Repos\AsteroidsAtHome\period_search_optimization_cpu_win\x64\Release\pscpu.tlog\link.command.1.tlog".
         Environment Variables passed to tool:
           VS_UNICODE_OUTPUT=1140
         C:\Program Files (x86)\Microsoft Visual Studio 14.0\VC\bin\x86_amd64\link.exe /ERRORREPORT:PROMPT /OUT:"C:\Users\Georgi\Source\Repos\AsteroidsAtHome\period_search_optimization_cpu_win\x64\Release\pscpu.exe" /INCREMENTAL:NO /NOLOGO libcmt.lib libcpmt.lib libboinc_staticcrt.lib libboincapi_staticcrt.lib kernel32.lib user32.lib gdi32.lib winspool.lib comdlg32.lib advapi32.lib shell32.lib ole32.lib oleaut32.lib uuid.lib odbc32.lib odbccp32.lib /NODEFAULTLIB /MANIFEST /MANIFESTUAC:"level='asInvoker' uiAccess='false'" /manifest:embed /PDB:"C:\Users\Georgi\Source\Repos\AsteroidsAtHome\period_search_optimization_cpu_win\x64\Release\pscpu.pdb" /SUBSYSTEM:WINDOWS /STACK:"10000000" /OPT:REF /OPT:ICF /LTCG:incremental /TLBID:1 /DYNAMICBASE /NXCOMPAT /IMPLIB:"C:\Users\Georgi\Source\Repos\AsteroidsAtHome\period_search_optimization_cpu_win\x64\Release\pscpu.lib" /MACHINE:X64 x64\Release\areanorm.obj
         x64\Release\blmatrix.obj
         x64\Release\bright.obj
         x64\Release\conv.obj
         x64\Release\covsrt.obj
         x64\Release\curv.obj
         x64\Release\dot_product.obj
         x64\Release\ellfit.obj
         x64\Release\gauss_errc.obj
         x64\Release\lubksb.obj
         x64\Release\ludcmp.obj
         x64\Release\matrix.obj
         x64\Release\memory.obj
         x64\Release\mrqcof.obj
         x64\Release\mrqmin.obj
         x64\Release\period_search_BOINC.obj
         x64\Release\phasec.obj
         x64\Release\sphfunc.obj
         x64\Release\trifac.obj
         Tracking command:
         C:\Program Files (x86)\MSBuild\14.0\bin\Tracker.exe /a /d "C:\Program Files (x86)\MSBuild\14.0\bin\FileTracker32.dll" /i C:\Users\Georgi\Source\Repos\AsteroidsAtHome\period_search_optimization_cpu_win\x64\Release\pscpu.tlog /r "C:\USERS\GEORGI\SOURCE\REPOS\ASTEROIDSATHOME\PERIOD_SEARCH_OPTIMIZATION_CPU_WIN\X64\RELEASE\AREANORM.OBJ|C:\USERS\GEORGI\SOURCE\REPOS\ASTEROIDSATHOME\PERIOD_SEARCH_OPTIMIZATION_CPU_WIN\X64\RELEASE\BLMATRIX.OBJ|C:\USERS\GEORGI\SOURCE\REPOS\ASTEROIDSATHOME\PERIOD_SEARCH_OPTIMIZATION_CPU_WIN\X64\RELEASE\BRIGHT.OBJ|C:\USERS\GEORGI\SOURCE\REPOS\ASTEROIDSATHOME\PERIOD_SEARCH_OPTIMIZATION_CPU_WIN\X64\RELEASE\CONV.OBJ|C:\USERS\GEORGI\SOURCE\REPOS\ASTEROIDSATHOME\PERIOD_SEARCH_OPTIMIZATION_CPU_WIN\X64\RELEASE\COVSRT.OBJ|C:\USERS\GEORGI\SOURCE\REPOS\ASTEROIDSATHOME\PERIOD_SEARCH_OPTIMIZATION_CPU_WIN\X64\RELEASE\CURV.OBJ|C:\USERS\GEORGI\SOURCE\REPOS\ASTEROIDSATHOME\PERIOD_SEARCH_OPTIMIZATION_CPU_WIN\X64\RELEASE\DOT_PRODUCT.OBJ|C:\USERS\GEORGI\SOURCE\REPOS\ASTEROIDSATHOME\PERIOD_SEARCH_OPTIMIZATION_CPU_WIN\X64\RELEASE\ELLFIT.OBJ|C:\USERS\GEORGI\SOURCE\REPOS\ASTEROIDSATHOME\PERIOD_SEARCH_OPTIMIZATION_CPU_WIN\X64\RELEASE\GAUSS_ERRC.OBJ|C:\USERS\GEORGI\SOURCE\REPOS\ASTEROIDSATHOME\PERIOD_SEARCH_OPTIMIZATION_CPU_WIN\X64\RELEASE\LUBKSB.OBJ|C:\USERS\GEORGI\SOURCE\REPOS\ASTEROIDSATHOME\PERIOD_SEARCH_OPTIMIZATION_CPU_WIN\X64\RELEASE\LUDCMP.OBJ|C:\USERS\GEORGI\SOURCE\REPOS\ASTEROIDSATHOME\PERIOD_SEARCH_OPTIMIZATION_CPU_WIN\X64\RELEASE\MATRIX.OBJ|C:\USERS\GEORGI\SOURCE\REPOS\ASTEROIDSATHOME\PERIOD_SEARCH_OPTIMIZATION_CPU_WIN\X64\RELEASE\MEMORY.OBJ|C:\USERS\GEORGI\SOURCE\REPOS\ASTEROIDSATHOME\PERIOD_SEARCH_OPTIMIZATION_CPU_WIN\X64\RELEASE\MRQCOF.OBJ|C:\USERS\GEORGI\SOURCE\REPOS\ASTEROIDSATHOME\PERIOD_SEARCH_OPTIMIZATION_CPU_WIN\X64\RELEASE\MRQMIN.OBJ|C:\USERS\GEORGI\SOURCE\REPOS\ASTEROIDSATHOME\PERIOD_SEARCH_OPTIMIZATION_CPU_WIN\X64\RELEASE\PERIOD_SEARCH_BOINC.OBJ|C:\USERS\GEORGI\SOURCE\REPOS\ASTEROIDSATHOME\PERIOD_SEARCH_OPTIMIZATION_CPU_WIN\X64\RELEASE\PHASEC.OBJ|C:\USERS\GEORGI\SOURCE\REPOS\ASTEROIDSATHOME\PERIOD_SEARCH_OPTIMIZATION_CPU_WIN\X64\RELEASE\SPHFUNC.OBJ|C:\USERS\GEORGI\SOURCE\REPOS\ASTEROIDSATHOME\PERIOD_SEARCH_OPTIMIZATION_CPU_WIN\X64\RELEASE\TRIFAC.OBJ" /b MSBuildConsole_CancelEvent25cdb019c64d4bb88df25bbde10b9fa3  /c "C:\Program Files (x86)\Microsoft Visual Studio 14.0\VC\bin\x86_amd64\link.exe"  /ERRORREPORT:PROMPT /OUT:"C:\Users\Georgi\Source\Repos\AsteroidsAtHome\period_search_optimization_cpu_win\x64\Release\pscpu.exe" /INCREMENTAL:NO /NOLOGO libcmt.lib libcpmt.lib libboinc_staticcrt.lib libboincapi_staticcrt.lib kernel32.lib user32.lib gdi32.lib winspool.lib comdlg32.lib advapi32.lib shell32.lib ole32.lib oleaut32.lib uuid.lib odbc32.lib odbccp32.lib /NODEFAULTLIB /MANIFEST /MANIFESTUAC:"level='asInvoker' uiAccess='false'" /manifest:embed /PDB:"C:\Users\Georgi\Source\Repos\AsteroidsAtHome\period_search_optimization_cpu_win\x64\Release\pscpu.pdb" /SUBSYSTEM:WINDOWS /STACK:"10000000" /OPT:REF /OPT:ICF /LTCG:incremental /TLBID:1 /DYNAMICBASE /NXCOMPAT /IMPLIB:"C:\Users\Georgi\Source\Repos\AsteroidsAtHome\period_search_optimization_cpu_win\x64\Release\pscpu.lib" /MACHINE:X64 x64\Release\areanorm.obj
         x64\Release\blmatrix.obj
         x64\Release\bright.obj
         x64\Release\conv.obj
         x64\Release\covsrt.obj
         x64\Release\curv.obj
         x64\Release\dot_product.obj
         x64\Release\ellfit.obj
         x64\Release\gauss_errc.obj
         x64\Release\lubksb.obj
         x64\Release\ludcmp.obj
         x64\Release\matrix.obj
         x64\Release\memory.obj
         x64\Release\mrqcof.obj
         x64\Release\mrqmin.obj
         x64\Release\period_search_BOINC.obj
         x64\Release\phasec.obj
         x64\Release\sphfunc.obj
         x64\Release\trifac.obj
     1>LINK : fatal error LNK1181: cannot open input file 'libboinc_staticcrt.lib'
         The command exited with code 1181.
       Done executing task "Link" -- FAILED.
     1>Done building target "Link" in project "pscpu.vcxproj" -- FAILED.
     1>Done Building Project "C:\Users\Georgi\Source\Repos\AsteroidsAtHome\period_search_optimization_cpu_win\pscpu.vcxproj" (Build target(s)) -- FAILED.

Build FAILED.

Time Elapsed 00:00:02.04
